Cpu 0 1 ----
Cpu 0 PC(VA) 0x0000000080011000 op: 0x000000007148f693 : andi    x13, x17, 1812
Cpu 0 Reg R x17 val 0x974dcf80d882a5da mask 0xffffffffffffffff
Cpu 0 Reg W x13 val 0x0000000000000510 mask 0xffffffffffffffff
Cpu 0 Reg W PC val 0x0000000080011004 mask 0xffffffffffffffff
Cpu 0 2 ----
Cpu 0 PC(VA) 0x0000000080011004 op: 0x0000000020cfafd3 : fsgnjx.s f31, f31, f12
Cpu 0 Reg R f31_0 val 0xffffffff373bf2fa mask 0xffffffffffffffff
Cpu 0 Reg R f31_0 val 0xffffffff373bf2fa mask 0xffffffffffffffff
Cpu 0 Reg R f12_0 val 0xffffffff9f06e663 mask 0xffffffffffffffff
Cpu 0 Reg W f31_0 val 0xffffffffb73bf2fa mask 0xffffffffffffffff
Cpu 0 Reg W mstatus val 0x8000000a00006588 mask 0xffffffffffffffff
Cpu 0 Reg W PC val 0x0000000080011008 mask 0xffffffffffffffff
Cpu 0 3 ----
Cpu 0 PC(VA) 0x0000000080011008 op: 0x000000004009de13 : srai    x28, x19, 0
Cpu 0 Reg R x19 val 0xfa4d798c8f65ba68 mask 0xffffffffffffffff
Cpu 0 Reg W x28 val 0xfa4d798c8f65ba68 mask 0xffffffffffffffff
Cpu 0 Reg W PC val 0x000000008001100c mask 0xffffffffffffffff
Cpu 0 4 ----
Cpu 0 PC(VA) 0x000000008001100c op: 0x000000000394d937 : lui     x18, 0x394d
Cpu 0 Reg W x18 val 0x000000000394d000 mask 0xffffffffffffffff
Cpu 0 Reg W PC val 0x0000000080011010 mask 0xffffffffffffffff
Cpu 0 5 ----
Cpu 0 PC(VA) 0x0000000080011010 op: 0x000000006d19091b : addiw   x18, x18, 1745
Cpu 0 Reg R x18 val 0x000000000394d000 mask 0xffffffffffffffff
Cpu 0 Reg W x18 val 0x000000000394d6d1 mask 0xffffffffffffffff
Cpu 0 Reg W PC val 0x0000000080011014 mask 0xffffffffffffffff
Cpu 0 6 ----
Cpu 0 PC(VA) 0x0000000080011014 op: 0x0000000000d91913 : slli    x18, x18, 13
Cpu 0 Reg R x18 val 0x000000000394d6d1 mask 0xffffffffffffffff
Cpu 0 Reg W x18 val 0x000000729ada2000 mask 0xffffffffffffffff
Cpu 0 Reg W PC val 0x0000000080011018 mask 0xffffffffffffffff
Cpu 0 7 ----
Cpu 0 PC(VA) 0x0000000080011018 op: 0x0000000008790913 : addi    x18, x18, 135
Cpu 0 Reg R x18 val 0x000000729ada2000 mask 0xffffffffffffffff
Cpu 0 Reg W x18 val 0x000000729ada2087 mask 0xffffffffffffffff
Cpu 0 Reg W PC val 0x000000008001101c mask 0xffffffffffffffff
Cpu 0 8 ----
Cpu 0 PC(VA) 0x000000008001101c op: 0x00000000e1193303 : ld      x6, -495(x18)
Cpu 0 Reg R x18 val 0x000000729ada2087 mask 0xffffffffffffffff
Cpu 0 Reg W x6 val 0x0000002aa35d7818 mask 0xffffffffffffffff
Cpu 0 Reg W PC val 0x0000000080011020 mask 0xffffffffffffffff
Cpu 0 Mem R bank 0 VA 0x000000729ada1e98 PA 0x000000729ada1e98 size 8 bytes 0x18785da32a000000
Cpu 0 9 ----
Cpu 0 PC(VA) 0x0000000080011020 op: 0x0000000041e8df13 : srai    x30, x17, 30
Cpu 0 Reg R x17 val 0x974dcf80d882a5da mask 0xffffffffffffffff
Cpu 0 Reg W x30 val 0xfffffffe5d373e03 mask 0xffffffffffffffff
Cpu 0 Reg W PC val 0x0000000080011024 mask 0xffffffffffffffff
Cpu 0 10 ----
Cpu 0 PC(VA) 0x0000000080011024 op: 0x000000000018a937 : lui     x18, 0x18a
Cpu 0 Reg W x18 val 0x000000000018a000 mask 0xffffffffffffffff
Cpu 0 Reg W PC val 0x0000000080011028 mask 0xffffffffffffffff
Cpu 0 11 ----
Cpu 0 PC(VA) 0x0000000080011028 op: 0x000000003d39091b : addiw   x18, x18, 979
Cpu 0 Reg R x18 val 0x000000000018a000 mask 0xffffffffffffffff
Cpu 0 Reg W x18 val 0x000000000018a3d3 mask 0xffffffffffffffff
Cpu 0 Reg W PC val 0x000000008001102c mask 0xffffffffffffffff
Cpu 0 12 ----
Cpu 0 PC(VA) 0x000000008001102c op: 0x0000000000f91913 : slli    x18, x18, 15
Cpu 0 Reg R x18 val 0x000000000018a3d3 mask 0xffffffffffffffff
Cpu 0 Reg W x18 val 0x0000000c51e98000 mask 0xffffffffffffffff
Cpu 0 Reg W PC val 0x0000000080011030 mask 0xffffffffffffffff
Cpu 0 13 ----
Cpu 0 PC(VA) 0x0000000080011030 op: 0x0000000030090913 : addi    x18, x18, 768
Cpu 0 Reg R x18 val 0x0000000c51e98000 mask 0xffffffffffffffff
Cpu 0 Reg W x18 val 0x0000000c51e98300 mask 0xffffffffffffffff
Cpu 0 Reg W PC val 0x0000000080011034 mask 0xffffffffffffffff
Cpu 0 14 ----
Cpu 0 PC(VA) 0x0000000080011034 op: 0x00000000000009b7 : lui     x19, 0x0
Cpu 0 Reg W x19 val 0x0000000000000000 mask 0xffffffffffffffff
Cpu 0 Reg W PC val 0x0000000080011038 mask 0xffffffffffffffff
Cpu 0 15 ----
Cpu 0 PC(VA) 0x0000000080011038 op: 0x000000000019899b : addiw   x19, x19, 1
Cpu 0 Reg R x19 val 0x0000000000000000 mask 0xffffffffffffffff
Cpu 0 Reg W x19 val 0x0000000000000001 mask 0xffffffffffffffff
Cpu 0 Reg W PC val 0x000000008001103c mask 0xffffffffffffffff
Cpu 0 16 ----
Cpu 0 PC(VA) 0x000000008001103c op: 0x0000000001393023 : sd      x19, 0(x18)
Cpu 0 Reg R x19 val 0x0000000000000001 mask 0xffffffffffffffff
Cpu 0 Reg R x18 val 0x0000000c51e98300 mask 0xffffffffffffffff
Cpu 0 Reg W PC val 0x0000000080011040 mask 0xffffffffffffffff
Cpu 0 Mem W bank 0 VA 0x0000000c51e98300 PA 0x0000000c51e98300 size 8 bytes 0x0100000000000000
Cpu 0 17 ----
Cpu 0 PC(VA) 0x0000000080011040 op: 0x000000000018a437 : lui     x8, 0x18a
Cpu 0 Reg W x8 val 0x000000000018a000 mask 0xffffffffffffffff
Cpu 0 Reg W PC val 0x0000000080011044 mask 0xffffffffffffffff
Cpu 0 18 ----
Cpu 0 PC(VA) 0x0000000080011044 op: 0x000000003d34041b : addiw   x8, x8, 979
Cpu 0 Reg R x8 val 0x000000000018a000 mask 0xffffffffffffffff
Cpu 0 Reg W x8 val 0x000000000018a3d3 mask 0xffffffffffffffff
Cpu 0 Reg W PC val 0x0000000080011048 mask 0xffffffffffffffff
Cpu 0 19 ----
Cpu 0 PC(VA) 0x0000000080011048 op: 0x0000000000f41413 : slli    x8, x8, 15
Cpu 0 Reg R x8 val 0x000000000018a3d3 mask 0xffffffffffffffff
Cpu 0 Reg W x8 val 0x0000000c51e98000 mask 0xffffffffffffffff
Cpu 0 Reg W PC val 0x000000008001104c mask 0xffffffffffffffff
Cpu 0 20 ----
Cpu 0 PC(VA) 0x000000008001104c op: 0x0000000030040413 : addi    x8, x8, 768
Cpu 0 Reg R x8 val 0x0000000c51e98000 mask 0xffffffffffffffff
Cpu 0 Reg W x8 val 0x0000000c51e98300 mask 0xffffffffffffffff
Cpu 0 Reg W PC val 0x0000000080011050 mask 0xffffffffffffffff
Cpu 0 21 ----
Cpu 0 PC(VA) 0x0000000080011050 op: 0x000000000062f3b7 : lui     x7, 0x62f
Cpu 0 Reg W x7 val 0x000000000062f000 mask 0xffffffffffffffff
Cpu 0 Reg W PC val 0x0000000080011054 mask 0xffffffffffffffff
Cpu 0 22 ----
Cpu 0 PC(VA) 0x0000000080011054 op: 0x00000000d253839b : addiw   x7, x7, -731
Cpu 0 Reg R x7 val 0x000000000062f000 mask 0xffffffffffffffff
Cpu 0 Reg W x7 val 0x000000000062ed25 mask 0xffffffffffffffff
Cpu 0 Reg W PC val 0x0000000080011058 mask 0xffffffffffffffff
Cpu 0 23 ----
Cpu 0 PC(VA) 0x0000000080011058 op: 0x0000000000e39393 : slli    x7, x7, 14
Cpu 0 Reg R x7 val 0x000000000062ed25 mask 0xffffffffffffffff
Cpu 0 Reg W x7 val 0x00000018bb494000 mask 0xffffffffffffffff
Cpu 0 Reg W PC val 0x000000008001105c mask 0xffffffffffffffff
Cpu 0 24 ----
Cpu 0 PC(VA) 0x000000008001105c op: 0x0000000016838393 : addi    x7, x7, 360
Cpu 0 Reg R x7 val 0x00000018bb494000 mask 0xffffffffffffffff
Cpu 0 Reg W x7 val 0x00000018bb494168 mask 0xffffffffffffffff
Cpu 0 Reg W PC val 0x0000000080011060 mask 0xffffffffffffffff
Cpu 0 25 ----
Cpu 0 PC(VA) 0x0000000080011060 op: 0x0000000000000bb7 : lui     x23, 0x0
Cpu 0 Reg W x23 val 0x0000000000000000 mask 0xffffffffffffffff
Cpu 0 Reg W PC val 0x0000000080011064 mask 0xffffffffffffffff
Cpu 0 26 ----
Cpu 0 PC(VA) 0x0000000080011064 op: 0x00000000002b8b9b : addiw   x23, x23, 2
Cpu 0 Reg R x23 val 0x0000000000000000 mask 0xffffffffffffffff
Cpu 0 Reg W x23 val 0x0000000000000002 mask 0xffffffffffffffff
Cpu 0 Reg W PC val 0x0000000080011068 mask 0xffffffffffffffff
Cpu 0 27 ----
Cpu 0 PC(VA) 0x0000000080011068 op: 0x000000000173b023 : sd      x23, 0(x7)
Cpu 0 Reg R x23 val 0x0000000000000002 mask 0xffffffffffffffff
Cpu 0 Reg R x7 val 0x00000018bb494168 mask 0xffffffffffffffff
Cpu 0 Reg W PC val 0x000000008001106c mask 0xffffffffffffffff
Cpu 0 Mem W bank 0 VA 0x00000018bb494168 PA 0x00000018bb494168 size 8 bytes 0x0200000000000000
Cpu 0 28 ----
Cpu 0 PC(VA) 0x000000008001106c op: 0x000000000062fe37 : lui     x28, 0x62f
Cpu 0 Reg W x28 val 0x000000000062f000 mask 0xffffffffffffffff
Cpu 0 Reg W PC val 0x0000000080011070 mask 0xffffffffffffffff
Cpu 0 29 ----
Cpu 0 PC(VA) 0x0000000080011070 op: 0x00000000d25e0e1b : addiw   x28, x28, -731
Cpu 0 Reg R x28 val 0x000000000062f000 mask 0xffffffffffffffff
Cpu 0 Reg W x28 val 0x000000000062ed25 mask 0xffffffffffffffff
Cpu 0 Reg W PC val 0x0000000080011074 mask 0xffffffffffffffff
Cpu 0 30 ----
Cpu 0 PC(VA) 0x0000000080011074 op: 0x0000000000ee1e13 : slli    x28, x28, 14
Cpu 0 Reg R x28 val 0x000000000062ed25 mask 0xffffffffffffffff
Cpu 0 Reg W x28 val 0x00000018bb494000 mask 0xffffffffffffffff
Cpu 0 Reg W PC val 0x0000000080011078 mask 0xffffffffffffffff
Cpu 0 31 ----
Cpu 0 PC(VA) 0x0000000080011078 op: 0x00000000168e0e13 : addi    x28, x28, 360
Cpu 0 Reg R x28 val 0x00000018bb494000 mask 0xffffffffffffffff
Cpu 0 Reg W x28 val 0x00000018bb494168 mask 0xffffffffffffffff
Cpu 0 Reg W PC val 0x000000008001107c mask 0xffffffffffffffff
Cpu 0 32 ----
Cpu 0 PC(VA) 0x000000008001107c op: 0x0000000000a5b4b7 : lui     x9, 0xa5b
Cpu 0 Reg W x9 val 0x0000000000a5b000 mask 0xffffffffffffffff
Cpu 0 Reg W PC val 0x0000000080011080 mask 0xffffffffffffffff
Cpu 0 33 ----
Cpu 0 PC(VA) 0x0000000080011080 op: 0x000000003d14849b : addiw   x9, x9, 977
Cpu 0 Reg R x9 val 0x0000000000a5b000 mask 0xffffffffffffffff
Cpu 0 Reg W x9 val 0x0000000000a5b3d1 mask 0xffffffffffffffff
Cpu 0 Reg W PC val 0x0000000080011084 mask 0xffffffffffffffff
Cpu 0 34 ----
Cpu 0 PC(VA) 0x0000000080011084 op: 0x0000000000d49493 : slli    x9, x9, 13
Cpu 0 Reg R x9 val 0x0000000000a5b3d1 mask 0xffffffffffffffff
Cpu 0 Reg W x9 val 0x00000014b67a2000 mask 0xffffffffffffffff
Cpu 0 Reg W PC val 0x0000000080011088 mask 0xffffffffffffffff
Cpu 0 35 ----
Cpu 0 PC(VA) 0x0000000080011088 op: 0x00000000ca048493 : addi    x9, x9, -864
Cpu 0 Reg R x9 val 0x00000014b67a2000 mask 0xffffffffffffffff
Cpu 0 Reg W x9 val 0x00000014b67a1ca0 mask 0xffffffffffffffff
Cpu 0 Reg W PC val 0x000000008001108c mask 0xffffffffffffffff
Cpu 0 36 ----
Cpu 0 PC(VA) 0x000000008001108c op: 0x0000000000000637 : lui     x12, 0x0
Cpu 0 Reg W x12 val 0x0000000000000000 mask 0xffffffffffffffff
Cpu 0 Reg W PC val 0x0000000080011090 mask 0xffffffffffffffff
Cpu 0 37 ----
Cpu 0 PC(VA) 0x0000000080011090 op: 0x000000000036061b : addiw   x12, x12, 3
Cpu 0 Reg R x12 val 0x0000000000000000 mask 0xffffffffffffffff
Cpu 0 Reg W x12 val 0x0000000000000003 mask 0xffffffffffffffff
Cpu 0 Reg W PC val 0x0000000080011094 mask 0xffffffffffffffff
Cpu 0 38 ----
Cpu 0 PC(VA) 0x0000000080011094 op: 0x0000000000c4b023 : sd      x12, 0(x9)
Cpu 0 Reg R x12 val 0x0000000000000003 mask 0xffffffffffffffff
Cpu 0 Reg R x9 val 0x00000014b67a1ca0 mask 0xffffffffffffffff
Cpu 0 Reg W PC val 0x0000000080011098 mask 0xffffffffffffffff
Cpu 0 Mem W bank 0 VA 0x00000014b67a1ca0 PA 0x00000014b67a1ca0 size 8 bytes 0x0300000000000000
Cpu 0 39 ----
Cpu 0 PC(VA) 0x0000000080011098 op: 0x0000000000a5b0b7 : lui     x1, 0xa5b
Cpu 0 Reg W x1 val 0x0000000000a5b000 mask 0xffffffffffffffff
Cpu 0 Reg W PC val 0x000000008001109c mask 0xffffffffffffffff
Cpu 0 40 ----
Cpu 0 PC(VA) 0x000000008001109c op: 0x000000003d10809b : addiw   x1, x1, 977
Cpu 0 Reg R x1 val 0x0000000000a5b000 mask 0xffffffffffffffff
Cpu 0 Reg W x1 val 0x0000000000a5b3d1 mask 0xffffffffffffffff
Cpu 0 Reg W PC val 0x00000000800110a0 mask 0xffffffffffffffff
Cpu 0 41 ----
Cpu 0 PC(VA) 0x00000000800110a0 op: 0x0000000000d09093 : slli    x1, x1, 13
Cpu 0 Reg R x1 val 0x0000000000a5b3d1 mask 0xffffffffffffffff
Cpu 0 Reg W x1 val 0x00000014b67a2000 mask 0xffffffffffffffff
Cpu 0 Reg W PC val 0x00000000800110a4 mask 0xffffffffffffffff
Cpu 0 42 ----
Cpu 0 PC(VA) 0x00000000800110a4 op: 0x00000000ca008093 : addi    x1, x1, -864
Cpu 0 Reg R x1 val 0x00000014b67a2000 mask 0xffffffffffffffff
Cpu 0 Reg W x1 val 0x00000014b67a1ca0 mask 0xffffffffffffffff
Cpu 0 Reg W PC val 0x00000000800110a8 mask 0xffffffffffffffff
Cpu 0 43 ----
Cpu 0 PC(VA) 0x00000000800110a8 op: 0x0000000000043903 : ld      x18, 0(x8)
Cpu 0 Reg R x8 val 0x0000000c51e98300 mask 0xffffffffffffffff
Cpu 0 Reg W x18 val 0x0000000000000001 mask 0xffffffffffffffff
Cpu 0 Reg W PC val 0x00000000800110ac mask 0xffffffffffffffff
Cpu 0 Mem R bank 0 VA 0x0000000c51e98300 PA 0x0000000c51e98300 size 8 bytes 0x0100000000000000
Cpu 0 44 ----
Cpu 0 PC(VA) 0x00000000800110ac op: 0x00000000000e3903 : ld      x18, 0(x28)
Cpu 0 Reg R x28 val 0x00000018bb494168 mask 0xffffffffffffffff
Cpu 0 Reg W x18 val 0x0000000000000002 mask 0xffffffffffffffff
Cpu 0 Reg W PC val 0x00000000800110b0 mask 0xffffffffffffffff
Cpu 0 Mem R bank 0 VA 0x00000018bb494168 PA 0x00000018bb494168 size 8 bytes 0x0200000000000000
Cpu 0 45 ----
Cpu 0 PC(VA) 0x00000000800110b0 op: 0x000000000000b903 : ld      x18, 0(x1)
Cpu 0 Reg R x1 val 0x00000014b67a1ca0 mask 0xffffffffffffffff
Cpu 0 Reg W x18 val 0x0000000000000003 mask 0xffffffffffffffff
Cpu 0 Reg W PC val 0x00000000800110b4 mask 0xffffffffffffffff
Cpu 0 Mem R bank 0 VA 0x00000014b67a1ca0 PA 0x00000014b67a1ca0 size 8 bytes 0x0300000000000000
Cpu 0 46 ----
Cpu 0 PC(VA) 0x00000000800110b4 op: 0x0000000000af8c33 : add     x24, x31, x10
Cpu 0 Reg R x31 val 0x43be27897694a561 mask 0xffffffffffffffff
Cpu 0 Reg R x10 val 0xd72df0d58291c983 mask 0xffffffffffffffff
Cpu 0 Reg W x24 val 0x1aec185ef9266ee4 mask 0xffffffffffffffff
Cpu 0 Reg W PC val 0x00000000800110b8 mask 0xffffffffffffffff
Cpu 0 47 ----
Cpu 0 PC(VA) 0x00000000800110b8 op: 0x0000000011654cd3 : fmul.s  f25, f10, f22
Cpu 0 Reg R f22_0 val 0xffffffffc1e3c151 mask 0xffffffffffffffff
Cpu 0 Reg R f10_0 val 0xffffffffd9e0e2ce mask 0xffffffffffffffff
Cpu 0 Reg W f25_0 val 0xffffffff5c4812ef mask 0xffffffffffffffff
Cpu 0 Reg W mstatus val 0x8000000a00006588 mask 0xffffffffffffffff
Cpu 0 Reg W mstatus val 0x8000000a00006588 mask 0xffffffffffffffff
Cpu 0 Reg W fcsr val 0x0000000000000001 mask 0xffffffffffffffff
Cpu 0 Reg W PC val 0x00000000800110bc mask 0xffffffffffffffff
Cpu 0 48 ----
Cpu 0 PC(VA) 0x00000000800110bc op: 0x00000000028e3737 : lui     x14, 0x28e3
Cpu 0 Reg W x14 val 0x00000000028e3000 mask 0xffffffffffffffff
Cpu 0 Reg W PC val 0x00000000800110c0 mask 0xffffffffffffffff
Cpu 0 49 ----
Cpu 0 PC(VA) 0x00000000800110c0 op: 0x000000003f97071b : addiw   x14, x14, 1017
Cpu 0 Reg R x14 val 0x00000000028e3000 mask 0xffffffffffffffff
Cpu 0 Reg W x14 val 0x00000000028e33f9 mask 0xffffffffffffffff
Cpu 0 Reg W PC val 0x00000000800110c4 mask 0xffffffffffffffff
Cpu 0 50 ----
Cpu 0 PC(VA) 0x00000000800110c4 op: 0x0000000000c71713 : slli    x14, x14, 12
Cpu 0 Reg R x14 val 0x00000000028e33f9 mask 0xffffffffffffffff
Cpu 0 Reg W x14 val 0x00000028e33f9000 mask 0xffffffffffffffff
Cpu 0 Reg W PC val 0x00000000800110c8 mask 0xffffffffffffffff
Cpu 0 51 ----
Cpu 0 PC(VA) 0x00000000800110c8 op: 0x00000000df070713 : addi    x14, x14, -528
Cpu 0 Reg R x14 val 0x00000028e33f9000 mask 0xffffffffffffffff
Cpu 0 Reg W x14 val 0x00000028e33f8df0 mask 0xffffffffffffffff
Cpu 0 Reg W PC val 0x00000000800110cc mask 0xffffffffffffffff
Cpu 0 52 ----
Cpu 0 PC(VA) 0x00000000800110cc op: 0x0000000084c7392f : amomin.d x18, x12, (x14)
Cpu 0 Reg R x14 val 0x00000028e33f8df0 mask 0xffffffffffffffff
Cpu 0 Reg R x12 val 0x0000000000000003 mask 0xffffffffffffffff
Cpu 0 Reg W x18 val 0x000000584c2f8408 mask 0xffffffffffffffff
Cpu 0 Reg W PC val 0x00000000800110d0 mask 0xffffffffffffffff
Cpu 0 Mem R bank 0 VA 0x00000028e33f8df0 PA 0x00000028e33f8df0 size 8 bytes 0x08842f4c58000000
Cpu 0 Mem W bank 0 VA 0x00000028e33f8df0 PA 0x00000028e33f8df0 size 8 bytes 0x0300000000000000
Cpu 0 53 ----
Cpu 0 PC(VA) 0x00000000800110d0 op: 0x00000000018f3ab7 : lui     x21, 0x18f3
Cpu 0 Reg W x21 val 0x00000000018f3000 mask 0xffffffffffffffff
Cpu 0 Reg W PC val 0x00000000800110d4 mask 0xffffffffffffffff
Cpu 0 54 ----
Cpu 0 PC(VA) 0x00000000800110d4 op: 0x000000006f9a8a9b : addiw   x21, x21, 1785
Cpu 0 Reg R x21 val 0x00000000018f3000 mask 0xffffffffffffffff
Cpu 0 Reg W x21 val 0x00000000018f36f9 mask 0xffffffffffffffff
Cpu 0 Reg W PC val 0x00000000800110d8 mask 0xffffffffffffffff
Cpu 0 55 ----
Cpu 0 PC(VA) 0x00000000800110d8 op: 0x0000000000ea9a93 : slli    x21, x21, 14
Cpu 0 Reg R x21 val 0x00000000018f36f9 mask 0xffffffffffffffff
Cpu 0 Reg W x21 val 0x00000063cdbe4000 mask 0xffffffffffffffff
Cpu 0 Reg W PC val 0x00000000800110dc mask 0xffffffffffffffff
Cpu 0 56 ----
Cpu 0 PC(VA) 0x00000000800110dc op: 0x00000000666a8a93 : addi    x21, x21, 1638
Cpu 0 Reg R x21 val 0x00000063cdbe4000 mask 0xffffffffffffffff
Cpu 0 Reg W x21 val 0x00000063cdbe4666 mask 0xffffffffffffffff
Cpu 0 Reg W PC val 0x00000000800110e0 mask 0xffffffffffffffff
Cpu 0 57 ----
Cpu 0 PC(VA) 0x00000000800110e0 op: 0x00000000786a9a03 : lh      x20, 1926(x21)
Cpu 0 Reg R x21 val 0x00000063cdbe4666 mask 0xffffffffffffffff
Cpu 0 Reg W x20 val 0x0000000000000c09 mask 0xffffffffffffffff
Cpu 0 Reg W PC val 0x00000000800110e4 mask 0xffffffffffffffff
Cpu 0 Mem R bank 0 VA 0x00000063cdbe4dec PA 0x00000063cdbe4dec size 2 bytes 0x090c
Cpu 0 58 ----
Cpu 0 PC(VA) 0x00000000800110e4 op: 0x000000000258e2b3 : rem     x5, x17, x5
Cpu 0 Reg R x17 val 0x974dcf80d882a5da mask 0xffffffffffffffff
Cpu 0 Reg R x5 val 0x096b1a89d0c1fd00 mask 0xffffffffffffffff
Cpu 0 Reg W x5 val 0xfee7f36cd0d884da mask 0xffffffffffffffff
Cpu 0 Reg W PC val 0x00000000800110e8 mask 0xffffffffffffffff
Cpu 0 59 ----
Cpu 0 PC(VA) 0x00000000800110e8 op: 0x0000000007bed2b7 : lui     x5, 0x7bed
Cpu 0 Reg W x5 val 0x0000000007bed000 mask 0xffffffffffffffff
Cpu 0 Reg W PC val 0x00000000800110ec mask 0xffffffffffffffff
Cpu 0 60 ----
Cpu 0 PC(VA) 0x00000000800110ec op: 0x00000000b872829b : addiw   x5, x5, -1145
Cpu 0 Reg R x5 val 0x0000000007bed000 mask 0xffffffffffffffff
Cpu 0 Reg W x5 val 0x0000000007becb87 mask 0xffffffffffffffff
Cpu 0 Reg W PC val 0x00000000800110f0 mask 0xffffffffffffffff
Cpu 0 61 ----
Cpu 0 PC(VA) 0x00000000800110f0 op: 0x0000000000c29293 : slli    x5, x5, 12
Cpu 0 Reg R x5 val 0x0000000007becb87 mask 0xffffffffffffffff
Cpu 0 Reg W x5 val 0x0000007becb87000 mask 0xffffffffffffffff
Cpu 0 Reg W PC val 0x00000000800110f4 mask 0xffffffffffffffff
Cpu 0 62 ----
Cpu 0 PC(VA) 0x00000000800110f4 op: 0x00000000b7828293 : addi    x5, x5, -1160
Cpu 0 Reg R x5 val 0x0000007becb87000 mask 0xffffffffffffffff
Cpu 0 Reg W x5 val 0x0000007becb86b78 mask 0xffffffffffffffff
Cpu 0 Reg W PC val 0x00000000800110f8 mask 0xffffffffffffffff
Cpu 0 63 ----
Cpu 0 PC(VA) 0x00000000800110f8 op: 0x000000009562ce83 : lbu     x29, -1706(x5)
Cpu 0 Reg R x5 val 0x0000007becb86b78 mask 0xffffffffffffffff
Cpu 0 Reg W x29 val 0x00000000000000e4 mask 0xffffffffffffffff
Cpu 0 Reg W PC val 0x00000000800110fc mask 0xffffffffffffffff
Cpu 0 Mem R bank 0 VA 0x0000007becb864ce PA 0x0000007becb864ce size 1 bytes 0xe4
Cpu 0 64 ----
Cpu 0 PC(VA) 0x00000000800110fc op: 0x000000004059d5bb : sraw    x11, x19, x5
Cpu 0 Reg R x19 val 0x0000000000000001 mask 0xffffffffffffffff
Cpu 0 Reg R x5 val 0x0000007becb86b78 mask 0xffffffffffffffff
Cpu 0 Reg W x11 val 0x0000000000000000 mask 0xffffffffffffffff
Cpu 0 Reg W PC val 0x0000000080011100 mask 0xffffffffffffffff
Cpu 0 65 ----
Cpu 0 PC(VA) 0x0000000080011100 op: 0x0000000040270033 : sub     x0, x14, x2
Cpu 0 Reg R x14 val 0x00000028e33f8df0 mask 0xffffffffffffffff
Cpu 0 Reg R x2 val 0x948d59193da7fe54 mask 0xffffffffffffffff
Cpu 0 Reg W x0 val 0x6b72a70fa5978f9c mask 0xffffffffffffffff
Cpu 0 Reg W PC val 0x0000000080011104 mask 0xffffffffffffffff
Cpu 0 66 ----
Cpu 0 PC(VA) 0x0000000080011104 op: 0x00000000a1fa96d3 : flt.s   x13, f21, f31
Cpu 0 Reg R f31_0 val 0xffffffffb73bf2fa mask 0xffffffffffffffff
Cpu 0 Reg R f21_0 val 0xffffffff670fc0ae mask 0xffffffffffffffff
Cpu 0 Reg W x13 val 0x0000000000000000 mask 0xffffffffffffffff
Cpu 0 Reg W PC val 0x0000000080011108 mask 0xffffffffffffffff
Cpu 0 67 ----
Cpu 0 PC(VA) 0x0000000080011108 op: 0x0000000000c066b3 : or      x13, x0, x12
Cpu 0 Reg R x0 val 0x0000000000000000 mask 0xffffffffffffffff
Cpu 0 Reg R x12 val 0x0000000000000003 mask 0xffffffffffffffff
Cpu 0 Reg W x13 val 0x0000000000000003 mask 0xffffffffffffffff
Cpu 0 Reg W PC val 0x000000008001110c mask 0xffffffffffffffff
Cpu 0 68 ----
Cpu 0 PC(VA) 0x000000008001110c op: 0x00000000021c68b7 : lui     x17, 0x21c6
Cpu 0 Reg W x17 val 0x00000000021c6000 mask 0xffffffffffffffff
Cpu 0 Reg W PC val 0x0000000080011110 mask 0xffffffffffffffff
Cpu 0 69 ----
Cpu 0 PC(VA) 0x0000000080011110 op: 0x00000000d938889b : addiw   x17, x17, -621
Cpu 0 Reg R x17 val 0x00000000021c6000 mask 0xffffffffffffffff
Cpu 0 Reg W x17 val 0x00000000021c5d93 mask 0xffffffffffffffff
Cpu 0 Reg W PC val 0x0000000080011114 mask 0xffffffffffffffff
Cpu 0 70 ----
Cpu 0 PC(VA) 0x0000000080011114 op: 0x0000000000d89893 : slli    x17, x17, 13
Cpu 0 Reg R x17 val 0x00000000021c5d93 mask 0xffffffffffffffff
Cpu 0 Reg W x17 val 0x000000438bb26000 mask 0xffffffffffffffff
Cpu 0 Reg W PC val 0x0000000080011118 mask 0xffffffffffffffff
Cpu 0 71 ----
Cpu 0 PC(VA) 0x0000000080011118 op: 0x00000000cc088893 : addi    x17, x17, -832
Cpu 0 Reg R x17 val 0x000000438bb26000 mask 0xffffffffffffffff
Cpu 0 Reg W x17 val 0x000000438bb25cc0 mask 0xffffffffffffffff
Cpu 0 Reg W PC val 0x000000008001111c mask 0xffffffffffffffff
Cpu 0 72 ----
Cpu 0 PC(VA) 0x000000008001111c op: 0x00000000a378a12f : amomax.w x2, x23, (x17)
Cpu 0 Reg R x17 val 0x000000438bb25cc0 mask 0xffffffffffffffff
Cpu 0 Reg R x23 val 0x0000000000000002 mask 0xffffffffffffffff
Cpu 0 Reg W x2 val 0x00000000080bdcc4 mask 0xffffffffffffffff
Cpu 0 Reg W PC val 0x0000000080011120 mask 0xffffffffffffffff
Cpu 0 Mem R bank 0 VA 0x000000438bb25cc0 PA 0x000000438bb25cc0 size 4 bytes 0xc4dc0b08
Cpu 0 Mem W bank 0 VA 0x000000438bb25cc0 PA 0x000000438bb25cc0 size 4 bytes 0xc4dc0b08
Cpu 0 73 ----
Cpu 0 PC(VA) 0x0000000080011120 op: 0x000000001825188f : fence.i
Cpu 0 Reg W PC val 0x0000000080011124 mask 0xffffffffffffffff
Cpu 0 74 ----
Cpu 0 PC(VA) 0x0000000080011124 op: 0x00000000c00ccb53 : fcvt.w.s x22, f25
Cpu 0 Reg R f25_0 val 0xffffffff5c4812ef mask 0xffffffffffffffff
Cpu 0 Reg W x22 val 0x000000007fffffff mask 0xffffffffffffffff
Cpu 0 Reg W mstatus val 0x8000000a00006588 mask 0xffffffffffffffff
Cpu 0 Reg W fcsr val 0x0000000000000011 mask 0xffffffffffffffff
Cpu 0 Reg W PC val 0x0000000080011128 mask 0xffffffffffffffff
Cpu 0 75 ----
Cpu 0 PC(VA) 0x0000000080011128 op: 0x0000000000aca2b7 : lui     x5, 0xaca
Cpu 0 Reg W x5 val 0x0000000000aca000 mask 0xffffffffffffffff
Cpu 0 Reg W PC val 0x000000008001112c mask 0xffffffffffffffff
Cpu 0 76 ----
Cpu 0 PC(VA) 0x000000008001112c op: 0x0000000064b2829b : addiw   x5, x5, 1611
Cpu 0 Reg R x5 val 0x0000000000aca000 mask 0xffffffffffffffff
Cpu 0 Reg W x5 val 0x0000000000aca64b mask 0xffffffffffffffff
Cpu 0 Reg W PC val 0x0000000080011130 mask 0xffffffffffffffff
Cpu 0 77 ----
Cpu 0 PC(VA) 0x0000000080011130 op: 0x0000000000c29293 : slli    x5, x5, 12
Cpu 0 Reg R x5 val 0x0000000000aca64b mask 0xffffffffffffffff
Cpu 0 Reg W x5 val 0x0000000aca64b000 mask 0xffffffffffffffff
Cpu 0 Reg W PC val 0x0000000080011134 mask 0xffffffffffffffff
Cpu 0 78 ----
Cpu 0 PC(VA) 0x0000000080011134 op: 0x00000000ce028293 : addi    x5, x5, -800
Cpu 0 Reg R x5 val 0x0000000aca64b000 mask 0xffffffffffffffff
Cpu 0 Reg W x5 val 0x0000000aca64ace0 mask 0xffffffffffffffff
Cpu 0 Reg W PC val 0x0000000080011138 mask 0xffffffffffffffff
Cpu 0 79 ----
Cpu 0 PC(VA) 0x0000000080011138 op: 0x00000000000006b7 : lui     x13, 0x0
Cpu 0 Reg W x13 val 0x0000000000000000 mask 0xffffffffffffffff
Cpu 0 Reg W PC val 0x000000008001113c mask 0xffffffffffffffff
Cpu 0 80 ----
Cpu 0 PC(VA) 0x000000008001113c op: 0x000000000016869b : addiw   x13, x13, 1
Cpu 0 Reg R x13 val 0x0000000000000000 mask 0xffffffffffffffff
Cpu 0 Reg W x13 val 0x0000000000000001 mask 0xffffffffffffffff
Cpu 0 Reg W PC val 0x0000000080011140 mask 0xffffffffffffffff
Cpu 0 81 ----
Cpu 0 PC(VA) 0x0000000080011140 op: 0x0000000000d2b023 : sd      x13, 0(x5)
Cpu 0 Reg R x13 val 0x0000000000000001 mask 0xffffffffffffffff
Cpu 0 Reg R x5 val 0x0000000aca64ace0 mask 0xffffffffffffffff
Cpu 0 Reg W PC val 0x0000000080011144 mask 0xffffffffffffffff
Cpu 0 Mem W bank 0 VA 0x0000000aca64ace0 PA 0x0000000aca64ace0 size 8 bytes 0x0100000000000000
Cpu 0 82 ----
Cpu 0 PC(VA) 0x0000000080011144 op: 0x0000000000aca437 : lui     x8, 0xaca
Cpu 0 Reg W x8 val 0x0000000000aca000 mask 0xffffffffffffffff
Cpu 0 Reg W PC val 0x0000000080011148 mask 0xffffffffffffffff
Cpu 0 83 ----
Cpu 0 PC(VA) 0x0000000080011148 op: 0x0000000064b4041b : addiw   x8, x8, 1611
Cpu 0 Reg R x8 val 0x0000000000aca000 mask 0xffffffffffffffff
Cpu 0 Reg W x8 val 0x0000000000aca64b mask 0xffffffffffffffff
Cpu 0 Reg W PC val 0x000000008001114c mask 0xffffffffffffffff
Cpu 0 84 ----
Cpu 0 PC(VA) 0x000000008001114c op: 0x0000000000c41413 : slli    x8, x8, 12
Cpu 0 Reg R x8 val 0x0000000000aca64b mask 0xffffffffffffffff
Cpu 0 Reg W x8 val 0x0000000aca64b000 mask 0xffffffffffffffff
Cpu 0 Reg W PC val 0x0000000080011150 mask 0xffffffffffffffff
Cpu 0 85 ----
Cpu 0 PC(VA) 0x0000000080011150 op: 0x00000000ce040413 : addi    x8, x8, -800
Cpu 0 Reg R x8 val 0x0000000aca64b000 mask 0xffffffffffffffff
Cpu 0 Reg W x8 val 0x0000000aca64ace0 mask 0xffffffffffffffff
Cpu 0 Reg W PC val 0x0000000080011154 mask 0xffffffffffffffff
Cpu 0 86 ----
Cpu 0 PC(VA) 0x0000000080011154 op: 0x0000000004fc7937 : lui     x18, 0x4fc7
Cpu 0 Reg W x18 val 0x0000000004fc7000 mask 0xffffffffffffffff
Cpu 0 Reg W PC val 0x0000000080011158 mask 0xffffffffffffffff
Cpu 0 87 ----
Cpu 0 PC(VA) 0x0000000080011158 op: 0x00000000da39091b : addiw   x18, x18, -605
Cpu 0 Reg R x18 val 0x0000000004fc7000 mask 0xffffffffffffffff
Cpu 0 Reg W x18 val 0x0000000004fc6da3 mask 0xffffffffffffffff
Cpu 0 Reg W PC val 0x000000008001115c mask 0xffffffffffffffff
Cpu 0 88 ----
Cpu 0 PC(VA) 0x000000008001115c op: 0x0000000000c91913 : slli    x18, x18, 12
Cpu 0 Reg R x18 val 0x0000000004fc6da3 mask 0xffffffffffffffff
Cpu 0 Reg W x18 val 0x0000004fc6da3000 mask 0xffffffffffffffff
Cpu 0 Reg W PC val 0x0000000080011160 mask 0xffffffffffffffff
Cpu 0 89 ----
Cpu 0 PC(VA) 0x0000000080011160 op: 0x00000000f8090913 : addi    x18, x18, -128
Cpu 0 Reg R x18 val 0x0000004fc6da3000 mask 0xffffffffffffffff
Cpu 0 Reg W x18 val 0x0000004fc6da2f80 mask 0xffffffffffffffff
Cpu 0 Reg W PC val 0x0000000080011164 mask 0xffffffffffffffff
Cpu 0 90 ----
Cpu 0 PC(VA) 0x0000000080011164 op: 0x0000000000000ab7 : lui     x21, 0x0
Cpu 0 Reg W x21 val 0x0000000000000000 mask 0xffffffffffffffff
Cpu 0 Reg W PC val 0x0000000080011168 mask 0xffffffffffffffff
Cpu 0 91 ----
Cpu 0 PC(VA) 0x0000000080011168 op: 0x00000000002a8a9b : addiw   x21, x21, 2
Cpu 0 Reg R x21 val 0x0000000000000000 mask 0xffffffffffffffff
Cpu 0 Reg W x21 val 0x0000000000000002 mask 0xffffffffffffffff
Cpu 0 Reg W PC val 0x000000008001116c mask 0xffffffffffffffff
Cpu 0 92 ----
Cpu 0 PC(VA) 0x000000008001116c op: 0x0000000001593023 : sd      x21, 0(x18)
Cpu 0 Reg R x21 val 0x0000000000000002 mask 0xffffffffffffffff
Cpu 0 Reg R x18 val 0x0000004fc6da2f80 mask 0xffffffffffffffff
Cpu 0 Reg W PC val 0x0000000080011170 mask 0xffffffffffffffff
Cpu 0 Mem W bank 0 VA 0x0000004fc6da2f80 PA 0x0000004fc6da2f80 size 8 bytes 0x0200000000000000
Cpu 0 93 ----
Cpu 0 PC(VA) 0x0000000080011170 op: 0x0000000004fc7e37 : lui     x28, 0x4fc7
Cpu 0 Reg W x28 val 0x0000000004fc7000 mask 0xffffffffffffffff
Cpu 0 Reg W PC val 0x0000000080011174 mask 0xffffffffffffffff
Cpu 0 94 ----
Cpu 0 PC(VA) 0x0000000080011174 op: 0x00000000da3e0e1b : addiw   x28, x28, -605
Cpu 0 Reg R x28 val 0x0000000004fc7000 mask 0xffffffffffffffff
Cpu 0 Reg W x28 val 0x0000000004fc6da3 mask 0xffffffffffffffff
Cpu 0 Reg W PC val 0x0000000080011178 mask 0xffffffffffffffff
Cpu 0 95 ----
Cpu 0 PC(VA) 0x0000000080011178 op: 0x0000000000ce1e13 : slli    x28, x28, 12
Cpu 0 Reg R x28 val 0x0000000004fc6da3 mask 0xffffffffffffffff
Cpu 0 Reg W x28 val 0x0000004fc6da3000 mask 0xffffffffffffffff
Cpu 0 Reg W PC val 0x000000008001117c mask 0xffffffffffffffff
Cpu 0 96 ----
Cpu 0 PC(VA) 0x000000008001117c op: 0x00000000f80e0e13 : addi    x28, x28, -128
Cpu 0 Reg R x28 val 0x0000004fc6da3000 mask 0xffffffffffffffff
Cpu 0 Reg W x28 val 0x0000004fc6da2f80 mask 0xffffffffffffffff
Cpu 0 Reg W PC val 0x0000000080011180 mask 0xffffffffffffffff
Cpu 0 97 ----
Cpu 0 PC(VA) 0x0000000080011180 op: 0x0000000005dea8b7 : lui     x17, 0x5dea
Cpu 0 Reg W x17 val 0x0000000005dea000 mask 0xffffffffffffffff
Cpu 0 Reg W PC val 0x0000000080011184 mask 0xffffffffffffffff
Cpu 0 98 ----
Cpu 0 PC(VA) 0x0000000080011184 op: 0x0000000067b8889b : addiw   x17, x17, 1659
Cpu 0 Reg R x17 val 0x0000000005dea000 mask 0xffffffffffffffff
Cpu 0 Reg W x17 val 0x0000000005dea67b mask 0xffffffffffffffff
Cpu 0 Reg W PC val 0x0000000080011188 mask 0xffffffffffffffff
Cpu 0 99 ----
Cpu 0 PC(VA) 0x0000000080011188 op: 0x0000000000c89893 : slli    x17, x17, 12
Cpu 0 Reg R x17 val 0x0000000005dea67b mask 0xffffffffffffffff
Cpu 0 Reg W x17 val 0x0000005dea67b000 mask 0xffffffffffffffff
Cpu 0 Reg W PC val 0x000000008001118c mask 0xffffffffffffffff
Cpu 0 100 ----
Cpu 0 PC(VA) 0x000000008001118c op: 0x000000002d088893 : addi    x17, x17, 720
Cpu 0 Reg R x17 val 0x0000005dea67b000 mask 0xffffffffffffffff
Cpu 0 Reg W x17 val 0x0000005dea67b2d0 mask 0xffffffffffffffff
Cpu 0 Reg W PC val 0x0000000080011190 mask 0xffffffffffffffff
Cpu 0 101 ----
Cpu 0 PC(VA) 0x0000000080011190 op: 0x0000000000000937 : lui     x18, 0x0
Cpu 0 Reg W x18 val 0x0000000000000000 mask 0xffffffffffffffff
Cpu 0 Reg W PC val 0x0000000080011194 mask 0xffffffffffffffff
Cpu 0 102 ----
Cpu 0 PC(VA) 0x0000000080011194 op: 0x000000000039091b : addiw   x18, x18, 3
Cpu 0 Reg R x18 val 0x0000000000000000 mask 0xffffffffffffffff
Cpu 0 Reg W x18 val 0x0000000000000003 mask 0xffffffffffffffff
Cpu 0 Reg W PC val 0x0000000080011198 mask 0xffffffffffffffff
Cpu 0 103 ----
Cpu 0 PC(VA) 0x0000000080011198 op: 0x000000000128b023 : sd      x18, 0(x17)
Cpu 0 Reg R x18 val 0x0000000000000003 mask 0xffffffffffffffff
Cpu 0 Reg R x17 val 0x0000005dea67b2d0 mask 0xffffffffffffffff
Cpu 0 Reg W PC val 0x000000008001119c mask 0xffffffffffffffff
Cpu 0 Mem W bank 0 VA 0x0000005dea67b2d0 PA 0x0000005dea67b2d0 size 8 bytes 0x0300000000000000
Cpu 0 104 ----
Cpu 0 PC(VA) 0x000000008001119c op: 0x0000000005dea0b7 : lui     x1, 0x5dea
Cpu 0 Reg W x1 val 0x0000000005dea000 mask 0xffffffffffffffff
Cpu 0 Reg W PC val 0x00000000800111a0 mask 0xffffffffffffffff
Cpu 0 105 ----
Cpu 0 PC(VA) 0x00000000800111a0 op: 0x0000000067b0809b : addiw   x1, x1, 1659
Cpu 0 Reg R x1 val 0x0000000005dea000 mask 0xffffffffffffffff
Cpu 0 Reg W x1 val 0x0000000005dea67b mask 0xffffffffffffffff
Cpu 0 Reg W PC val 0x00000000800111a4 mask 0xffffffffffffffff
Cpu 0 106 ----
Cpu 0 PC(VA) 0x00000000800111a4 op: 0x0000000000c09093 : slli    x1, x1, 12
Cpu 0 Reg R x1 val 0x0000000005dea67b mask 0xffffffffffffffff
Cpu 0 Reg W x1 val 0x0000005dea67b000 mask 0xffffffffffffffff
Cpu 0 Reg W PC val 0x00000000800111a8 mask 0xffffffffffffffff
Cpu 0 107 ----
Cpu 0 PC(VA) 0x00000000800111a8 op: 0x000000002d008093 : addi    x1, x1, 720
Cpu 0 Reg R x1 val 0x0000005dea67b000 mask 0xffffffffffffffff
Cpu 0 Reg W x1 val 0x0000005dea67b2d0 mask 0xffffffffffffffff
Cpu 0 Reg W PC val 0x00000000800111ac mask 0xffffffffffffffff
Cpu 0 108 ----
Cpu 0 PC(VA) 0x00000000800111ac op: 0x0000000000043903 : ld      x18, 0(x8)
Cpu 0 Reg R x8 val 0x0000000aca64ace0 mask 0xffffffffffffffff
Cpu 0 Reg W x18 val 0x0000000000000001 mask 0xffffffffffffffff
Cpu 0 Reg W PC val 0x00000000800111b0 mask 0xffffffffffffffff
Cpu 0 Mem R bank 0 VA 0x0000000aca64ace0 PA 0x0000000aca64ace0 size 8 bytes 0x0100000000000000
Cpu 0 109 ----
Cpu 0 PC(VA) 0x00000000800111b0 op: 0x00000000000e3903 : ld      x18, 0(x28)
Cpu 0 Reg R x28 val 0x0000004fc6da2f80 mask 0xffffffffffffffff
Cpu 0 Reg W x18 val 0x0000000000000002 mask 0xffffffffffffffff
Cpu 0 Reg W PC val 0x00000000800111b4 mask 0xffffffffffffffff
Cpu 0 Mem R bank 0 VA 0x0000004fc6da2f80 PA 0x0000004fc6da2f80 size 8 bytes 0x0200000000000000
Cpu 0 110 ----
Cpu 0 PC(VA) 0x00000000800111b4 op: 0x000000000000b903 : ld      x18, 0(x1)
Cpu 0 Reg R x1 val 0x0000005dea67b2d0 mask 0xffffffffffffffff
Cpu 0 Reg W x18 val 0x0000000000000003 mask 0xffffffffffffffff
Cpu 0 Reg W PC val 0x00000000800111b8 mask 0xffffffffffffffff
Cpu 0 Mem R bank 0 VA 0x0000005dea67b2d0 PA 0x0000005dea67b2d0 size 8 bytes 0x0300000000000000
Cpu 0 111 ----
Cpu 0 PC(VA) 0x00000000800111b8 op: 0x000000004107529b : sraiw   x5, x14, 16
Cpu 0 Reg R x14 val 0x00000028e33f8df0 mask 0xffffffffffffffff
Cpu 0 Reg W x5 val 0xffffffffffffe33f mask 0xffffffffffffffff
Cpu 0 Reg W PC val 0x00000000800111bc mask 0xffffffffffffffff
Cpu 0 112 ----
Cpu 0 PC(VA) 0x00000000800111bc op: 0x0000000059c60e63 : beq     x12, x28, pc + 1436
Cpu 0 Reg R x12 val 0x0000000000000003 mask 0xffffffffffffffff
Cpu 0 Reg R x28 val 0x0000004fc6da2f80 mask 0xffffffffffffffff
Cpu 0 Reg W PC val 0x00000000800111c0 mask 0xffffffffffffffff
Cpu 0 113 ----
Cpu 0 PC(VA) 0x00000000800111c0 op: 0x0000000022922bd3 : fsgnjx.d f23, f4, f9
Cpu 0 Reg R f4_0 val 0xa558319e4ae93e20 mask 0xffffffffffffffff
Cpu 0 Reg R f4_0 val 0xa558319e4ae93e20 mask 0xffffffffffffffff
Cpu 0 Reg R f9_0 val 0x29181e9ce6a82901 mask 0xffffffffffffffff
Cpu 0 Reg W f23_0 val 0xa558319e4ae93e20 mask 0xffffffffffffffff
Cpu 0 Reg W mstatus val 0x8000000a00006588 mask 0xffffffffffffffff
Cpu 0 Reg W PC val 0x00000000800111c4 mask 0xffffffffffffffff
Cpu 0 114 ----
Cpu 0 PC(VA) 0x00000000800111c4 op: 0x00000000f00f0a53 : fmv.w.x f20, x30
Cpu 0 Reg R x30 val 0xfffffffe5d373e03 mask 0xffffffffffffffff
Cpu 0 Reg W f20_0 val 0xffffffff5d373e03 mask 0xffffffffffffffff
Cpu 0 Reg W mstatus val 0x8000000a00006588 mask 0xffffffffffffffff
Cpu 0 Reg W PC val 0x00000000800111c8 mask 0xffffffffffffffff
Cpu 0 115 ----
Cpu 0 PC(VA) 0x00000000800111c8 op: 0x00000000408e05b3 : sub     x11, x28, x8
Cpu 0 Reg R x28 val 0x0000004fc6da2f80 mask 0xffffffffffffffff
Cpu 0 Reg R x8 val 0x0000000aca64ace0 mask 0xffffffffffffffff
Cpu 0 Reg W x11 val 0x00000044fc7582a0 mask 0xffffffffffffffff
Cpu 0 Reg W PC val 0x00000000800111cc mask 0xffffffffffffffff
Cpu 0 116 ----
Cpu 0 PC(VA) 0x00000000800111cc op: 0x00000000c0020a53 : fcvt.w.s x20, f4
Cpu 0 Reg R f4_0 val 0xa558319e4ae93e20 mask 0xffffffffffffffff
Cpu 0 Reg W x20 val 0x000000007fffffff mask 0xffffffffffffffff
Cpu 0 Reg W mstatus val 0x8000000a00006588 mask 0xffffffffffffffff
Cpu 0 Reg W fcsr val 0x0000000000000011 mask 0xffffffffffffffff
Cpu 0 Reg W PC val 0x00000000800111d0 mask 0xffffffffffffffff
Cpu 0 117 ----
Cpu 0 PC(VA) 0x00000000800111d0 op: 0x0000000000298333 : add     x6, x19, x2
Cpu 0 Reg R x19 val 0x0000000000000001 mask 0xffffffffffffffff
Cpu 0 Reg R x2 val 0x00000000080bdcc4 mask 0xffffffffffffffff
Cpu 0 Reg W x6 val 0x00000000080bdcc5 mask 0xffffffffffffffff
Cpu 0 Reg W PC val 0x00000000800111d4 mask 0xffffffffffffffff
Cpu 0 118 ----
Cpu 0 PC(VA) 0x00000000800111d4 op: 0x0000000000861237 : lui     x4, 0x861
Cpu 0 Reg W x4 val 0x0000000000861000 mask 0xffffffffffffffff
Cpu 0 Reg W PC val 0x00000000800111d8 mask 0xffffffffffffffff
Cpu 0 119 ----
Cpu 0 PC(VA) 0x00000000800111d8 op: 0x00000000cd12021b : addiw   x4, x4, -815
Cpu 0 Reg R x4 val 0x0000000000861000 mask 0xffffffffffffffff
Cpu 0 Reg W x4 val 0x0000000000860cd1 mask 0xffffffffffffffff
Cpu 0 Reg W PC val 0x00000000800111dc mask 0xffffffffffffffff
Cpu 0 120 ----
Cpu 0 PC(VA) 0x00000000800111dc op: 0x0000000000e21213 : slli    x4, x4, 14
Cpu 0 Reg R x4 val 0x0000000000860cd1 mask 0xffffffffffffffff
Cpu 0 Reg W x4 val 0x0000002183344000 mask 0xffffffffffffffff
Cpu 0 Reg W PC val 0x00000000800111e0 mask 0xffffffffffffffff
Cpu 0 121 ----
Cpu 0 PC(VA) 0x00000000800111e0 op: 0x00000000b0820213 : addi    x4, x4, -1272
Cpu 0 Reg R x4 val 0x0000002183344000 mask 0xffffffffffffffff
Cpu 0 Reg W x4 val 0x0000002183343b08 mask 0xffffffffffffffff
Cpu 0 Reg W PC val 0x00000000800111e4 mask 0xffffffffffffffff
Cpu 0 122 ----
Cpu 0 PC(VA) 0x00000000800111e4 op: 0x0000000008e2352f : amoswap.d x10, x14, (x4)
Cpu 0 Reg R x4 val 0x0000002183343b08 mask 0xffffffffffffffff
Cpu 0 Reg R x14 val 0x00000028e33f8df0 mask 0xffffffffffffffff
Cpu 0 Reg W x10 val 0x00000065635968c0 mask 0xffffffffffffffff
Cpu 0 Reg W PC val 0x00000000800111e8 mask 0xffffffffffffffff
Cpu 0 Mem R bank 0 VA 0x0000002183343b08 PA 0x0000002183343b08 size 8 bytes 0xc068596365000000
Cpu 0 Mem W bank 0 VA 0x0000002183343b08 PA 0x0000002183343b08 size 8 bytes 0xf08d3fe328000000
Cpu 0 123 ----
Cpu 0 PC(VA) 0x00000000800111e8 op: 0x00000000d03a9c53 : fcvt.s.lu f24, x21
Cpu 0 Reg R x21 val 0x0000000000000002 mask 0xffffffffffffffff
Cpu 0 Reg W f24_0 val 0xffffffff40000000 mask 0xffffffffffffffff
Cpu 0 Reg W mstatus val 0x8000000a00006588 mask 0xffffffffffffffff
Cpu 0 Reg W PC val 0x00000000800111ec mask 0xffffffffffffffff
Cpu 0 124 ----
Cpu 0 PC(VA) 0x00000000800111ec op: 0x00000000544f086f : jal     x16, pc + 0xf0544
Cpu 0 Reg W x16 val 0x00000000800111f0 mask 0xffffffffffffffff
Cpu 0 Reg W PC val 0x0000000080101730 mask 0xffffffffffffffff
Cpu 0 125 ----
Cpu 0 PC(VA) 0x0000000080101730 op: 0x00000000e7996893 : ori     x17, x18, -391
Cpu 0 Reg R x18 val 0x0000000000000003 mask 0xffffffffffffffff
Cpu 0 Reg W x17 val 0xfffffffffffffe7b mask 0xffffffffffffffff
Cpu 0 Reg W PC val 0x0000000080101734 mask 0xffffffffffffffff
Cpu 0 126 ----
Cpu 0 PC(VA) 0x0000000080101734 op: 0x0000000002d9fe3b : remuw   x28, x19, x13
Cpu 0 Reg R x19 val 0x0000000000000001 mask 0xffffffffffffffff
Cpu 0 Reg R x13 val 0x0000000000000001 mask 0xffffffffffffffff
Cpu 0 Reg W x28 val 0x0000000000000000 mask 0xffffffffffffffff
Cpu 0 Reg W PC val 0x0000000080101738 mask 0xffffffffffffffff
Cpu 0 127 ----
Cpu 0 PC(VA) 0x0000000080101738 op: 0x0000000002775cb7 : lui     x25, 0x2775
Cpu 0 Reg W x25 val 0x0000000002775000 mask 0xffffffffffffffff
Cpu 0 Reg W PC val 0x000000008010173c mask 0xffffffffffffffff
Cpu 0 128 ----
Cpu 0 PC(VA) 0x000000008010173c op: 0x00000000f0bc8c9b : addiw   x25, x25, -245
Cpu 0 Reg R x25 val 0x0000000002775000 mask 0xffffffffffffffff
Cpu 0 Reg W x25 val 0x0000000002774f0b mask 0xffffffffffffffff
Cpu 0 Reg W PC val 0x0000000080101740 mask 0xffffffffffffffff
Cpu 0 129 ----
Cpu 0 PC(VA) 0x0000000080101740 op: 0x0000000000cc9c93 : slli    x25, x25, 12
Cpu 0 Reg R x25 val 0x0000000002774f0b mask 0xffffffffffffffff
Cpu 0 Reg W x25 val 0x0000002774f0b000 mask 0xffffffffffffffff
Cpu 0 Reg W PC val 0x0000000080101744 mask 0xffffffffffffffff
Cpu 0 130 ----
Cpu 0 PC(VA) 0x0000000080101744 op: 0x000000000a0c8c93 : addi    x25, x25, 160
Cpu 0 Reg R x25 val 0x0000002774f0b000 mask 0xffffffffffffffff
Cpu 0 Reg W x25 val 0x0000002774f0b0a0 mask 0xffffffffffffffff
Cpu 0 Reg W PC val 0x0000000080101748 mask 0xffffffffffffffff
Cpu 0 131 ----
Cpu 0 PC(VA) 0x0000000080101748 op: 0x000000000e1cb0af : amoswap.d x1, x1, (x25)
Cpu 0 Reg R x25 val 0x0000002774f0b0a0 mask 0xffffffffffffffff
Cpu 0 Reg R x1 val 0x0000005dea67b2d0 mask 0xffffffffffffffff
Cpu 0 Reg W x1 val 0x0000004a9ce28970 mask 0xffffffffffffffff
Cpu 0 Reg W PC val 0x000000008010174c mask 0xffffffffffffffff
Cpu 0 Mem R bank 0 VA 0x0000002774f0b0a0 PA 0x0000002774f0b0a0 size 8 bytes 0x7089e29c4a000000
Cpu 0 Mem W bank 0 VA 0x0000002774f0b0a0 PA 0x0000002774f0b0a0 size 8 bytes 0xd0b267ea5d000000
Cpu 0 132 ----
Cpu 0 PC(VA) 0x000000008010174c op: 0x00000000c005f9d3 : fcvt.w.s x19, f11
Cpu 0 Reg R f11_0 val 0xffffffff80000000 mask 0xffffffffffffffff
Cpu 0 Reg W x19 val 0x0000000000000000 mask 0xffffffffffffffff
Cpu 0 Reg W PC val 0x0000000080101750 mask 0xffffffffffffffff
Cpu 0 133 ----
Cpu 0 PC(VA) 0x0000000080101750 op: 0x00000000004fea33 : or      x20, x31, x4
Cpu 0 Reg R x31 val 0x43be27897694a561 mask 0xffffffffffffffff
Cpu 0 Reg R x4 val 0x0000002183343b08 mask 0xffffffffffffffff
Cpu 0 Reg W x20 val 0x43be27a9f7b4bf69 mask 0xffffffffffffffff
Cpu 0 Reg W PC val 0x0000000080101754 mask 0xffffffffffffffff
Cpu 0 134 ----
Cpu 0 PC(VA) 0x0000000080101754 op: 0x00000000047e1537 : lui     x10, 0x47e1
Cpu 0 Reg W x10 val 0x00000000047e1000 mask 0xffffffffffffffff
Cpu 0 Reg W PC val 0x0000000080101758 mask 0xffffffffffffffff
Cpu 0 135 ----
Cpu 0 PC(VA) 0x0000000080101758 op: 0x00000000d235051b : addiw   x10, x10, -733
Cpu 0 Reg R x10 val 0x00000000047e1000 mask 0xffffffffffffffff
Cpu 0 Reg W x10 val 0x00000000047e0d23 mask 0xffffffffffffffff
Cpu 0 Reg W PC val 0x000000008010175c mask 0xffffffffffffffff
Cpu 0 136 ----
Cpu 0 PC(VA) 0x000000008010175c op: 0x0000000000c51513 : slli    x10, x10, 12
Cpu 0 Reg R x10 val 0x00000000047e0d23 mask 0xffffffffffffffff
Cpu 0 Reg W x10 val 0x00000047e0d23000 mask 0xffffffffffffffff
Cpu 0 Reg W PC val 0x0000000080101760 mask 0xffffffffffffffff
Cpu 0 137 ----
Cpu 0 PC(VA) 0x0000000080101760 op: 0x000000001b050513 : addi    x10, x10, 432
Cpu 0 Reg R x10 val 0x00000047e0d23000 mask 0xffffffffffffffff
Cpu 0 Reg W x10 val 0x00000047e0d231b0 mask 0xffffffffffffffff
Cpu 0 Reg W PC val 0x0000000080101764 mask 0xffffffffffffffff
Cpu 0 138 ----
Cpu 0 PC(VA) 0x0000000080101764 op: 0x0000000000000fb7 : lui     x31, 0x0
Cpu 0 Reg W x31 val 0x0000000000000000 mask 0xffffffffffffffff
Cpu 0 Reg W PC val 0x0000000080101768 mask 0xffffffffffffffff
Cpu 0 139 ----
Cpu 0 PC(VA) 0x0000000080101768 op: 0x00000000001f8f9b : addiw   x31, x31, 1
Cpu 0 Reg R x31 val 0x0000000000000000 mask 0xffffffffffffffff
Cpu 0 Reg W x31 val 0x0000000000000001 mask 0xffffffffffffffff
Cpu 0 Reg W PC val 0x000000008010176c mask 0xffffffffffffffff
Cpu 0 140 ----
Cpu 0 PC(VA) 0x000000008010176c op: 0x0000000001f53023 : sd      x31, 0(x10)
Cpu 0 Reg R x31 val 0x0000000000000001 mask 0xffffffffffffffff
Cpu 0 Reg R x10 val 0x00000047e0d231b0 mask 0xffffffffffffffff
Cpu 0 Reg W PC val 0x0000000080101770 mask 0xffffffffffffffff
Cpu 0 Mem W bank 0 VA 0x00000047e0d231b0 PA 0x00000047e0d231b0 size 8 bytes 0x0100000000000000
Cpu 0 141 ----
Cpu 0 PC(VA) 0x0000000080101770 op: 0x00000000047e1437 : lui     x8, 0x47e1
Cpu 0 Reg W x8 val 0x00000000047e1000 mask 0xffffffffffffffff
Cpu 0 Reg W PC val 0x0000000080101774 mask 0xffffffffffffffff
Cpu 0 142 ----
Cpu 0 PC(VA) 0x0000000080101774 op: 0x00000000d234041b : addiw   x8, x8, -733
Cpu 0 Reg R x8 val 0x00000000047e1000 mask 0xffffffffffffffff
Cpu 0 Reg W x8 val 0x00000000047e0d23 mask 0xffffffffffffffff
Cpu 0 Reg W PC val 0x0000000080101778 mask 0xffffffffffffffff
Cpu 0 143 ----
Cpu 0 PC(VA) 0x0000000080101778 op: 0x0000000000c41413 : slli    x8, x8, 12
Cpu 0 Reg R x8 val 0x00000000047e0d23 mask 0xffffffffffffffff
Cpu 0 Reg W x8 val 0x00000047e0d23000 mask 0xffffffffffffffff
Cpu 0 Reg W PC val 0x000000008010177c mask 0xffffffffffffffff
Cpu 0 144 ----
Cpu 0 PC(VA) 0x000000008010177c op: 0x000000001b040413 : addi    x8, x8, 432
Cpu 0 Reg R x8 val 0x00000047e0d23000 mask 0xffffffffffffffff
Cpu 0 Reg W x8 val 0x00000047e0d231b0 mask 0xffffffffffffffff
Cpu 0 Reg W PC val 0x0000000080101780 mask 0xffffffffffffffff
Cpu 0 145 ----
Cpu 0 PC(VA) 0x0000000080101780 op: 0x00000000018c98b7 : lui     x17, 0x18c9
Cpu 0 Reg W x17 val 0x00000000018c9000 mask 0xffffffffffffffff
Cpu 0 Reg W PC val 0x0000000080101784 mask 0xffffffffffffffff
Cpu 0 146 ----
Cpu 0 PC(VA) 0x0000000080101784 op: 0x00000000e138889b : addiw   x17, x17, -493
Cpu 0 Reg R x17 val 0x00000000018c9000 mask 0xffffffffffffffff
Cpu 0 Reg W x17 val 0x00000000018c8e13 mask 0xffffffffffffffff
Cpu 0 Reg W PC val 0x0000000080101788 mask 0xffffffffffffffff
Cpu 0 147 ----
Cpu 0 PC(VA) 0x0000000080101788 op: 0x0000000000d89893 : slli    x17, x17, 13
Cpu 0 Reg R x17 val 0x00000000018c8e13 mask 0xffffffffffffffff
Cpu 0 Reg W x17 val 0x0000003191c26000 mask 0xffffffffffffffff
Cpu 0 Reg W PC val 0x000000008010178c mask 0xffffffffffffffff
Cpu 0 148 ----
Cpu 0 PC(VA) 0x000000008010178c op: 0x0000000075888893 : addi    x17, x17, 1880
Cpu 0 Reg R x17 val 0x0000003191c26000 mask 0xffffffffffffffff
Cpu 0 Reg W x17 val 0x0000003191c26758 mask 0xffffffffffffffff
Cpu 0 Reg W PC val 0x0000000080101790 mask 0xffffffffffffffff
Cpu 0 149 ----
Cpu 0 PC(VA) 0x0000000080101790 op: 0x00000000000002b7 : lui     x5, 0x0
Cpu 0 Reg W x5 val 0x0000000000000000 mask 0xffffffffffffffff
Cpu 0 Reg W PC val 0x0000000080101794 mask 0xffffffffffffffff
Cpu 0 150 ----
Cpu 0 PC(VA) 0x0000000080101794 op: 0x000000000022829b : addiw   x5, x5, 2
Cpu 0 Reg R x5 val 0x0000000000000000 mask 0xffffffffffffffff
Cpu 0 Reg W x5 val 0x0000000000000002 mask 0xffffffffffffffff
Cpu 0 Reg W PC val 0x0000000080101798 mask 0xffffffffffffffff
Cpu 0 151 ----
Cpu 0 PC(VA) 0x0000000080101798 op: 0x000000000058b023 : sd      x5, 0(x17)
Cpu 0 Reg R x5 val 0x0000000000000002 mask 0xffffffffffffffff
Cpu 0 Reg R x17 val 0x0000003191c26758 mask 0xffffffffffffffff
Cpu 0 Reg W PC val 0x000000008010179c mask 0xffffffffffffffff
Cpu 0 Mem W bank 0 VA 0x0000003191c26758 PA 0x0000003191c26758 size 8 bytes 0x0200000000000000
Cpu 0 152 ----
Cpu 0 PC(VA) 0x000000008010179c op: 0x00000000018c9e37 : lui     x28, 0x18c9
Cpu 0 Reg W x28 val 0x00000000018c9000 mask 0xffffffffffffffff
Cpu 0 Reg W PC val 0x00000000801017a0 mask 0xffffffffffffffff
Cpu 0 153 ----
Cpu 0 PC(VA) 0x00000000801017a0 op: 0x00000000e13e0e1b : addiw   x28, x28, -493
Cpu 0 Reg R x28 val 0x00000000018c9000 mask 0xffffffffffffffff
Cpu 0 Reg W x28 val 0x00000000018c8e13 mask 0xffffffffffffffff
Cpu 0 Reg W PC val 0x00000000801017a4 mask 0xffffffffffffffff
Cpu 0 154 ----
Cpu 0 PC(VA) 0x00000000801017a4 op: 0x0000000000de1e13 : slli    x28, x28, 13
Cpu 0 Reg R x28 val 0x00000000018c8e13 mask 0xffffffffffffffff
Cpu 0 Reg W x28 val 0x0000003191c26000 mask 0xffffffffffffffff
Cpu 0 Reg W PC val 0x00000000801017a8 mask 0xffffffffffffffff
Cpu 0 155 ----
Cpu 0 PC(VA) 0x00000000801017a8 op: 0x00000000758e0e13 : addi    x28, x28, 1880
Cpu 0 Reg R x28 val 0x0000003191c26000 mask 0xffffffffffffffff
Cpu 0 Reg W x28 val 0x0000003191c26758 mask 0xffffffffffffffff
Cpu 0 Reg W PC val 0x00000000801017ac mask 0xffffffffffffffff
Cpu 0 156 ----
Cpu 0 PC(VA) 0x00000000801017ac op: 0x0000000000fcc4b7 : lui     x9, 0xfcc
Cpu 0 Reg W x9 val 0x0000000000fcc000 mask 0xffffffffffffffff
Cpu 0 Reg W PC val 0x00000000801017b0 mask 0xffffffffffffffff
Cpu 0 157 ----
Cpu 0 PC(VA) 0x00000000801017b0 op: 0x000000009a34849b : addiw   x9, x9, -1629
Cpu 0 Reg R x9 val 0x0000000000fcc000 mask 0xffffffffffffffff
Cpu 0 Reg W x9 val 0x0000000000fcb9a3 mask 0xffffffffffffffff
Cpu 0 Reg W PC val 0x00000000801017b4 mask 0xffffffffffffffff
Cpu 0 158 ----
Cpu 0 PC(VA) 0x00000000801017b4 op: 0x0000000000d49493 : slli    x9, x9, 13
Cpu 0 Reg R x9 val 0x0000000000fcb9a3 mask 0xffffffffffffffff
Cpu 0 Reg W x9 val 0x0000001f97346000 mask 0xffffffffffffffff
Cpu 0 Reg W PC val 0x00000000801017b8 mask 0xffffffffffffffff
Cpu 0 159 ----
Cpu 0 PC(VA) 0x00000000801017b8 op: 0x00000000ee848493 : addi    x9, x9, -280
Cpu 0 Reg R x9 val 0x0000001f97346000 mask 0xffffffffffffffff
Cpu 0 Reg W x9 val 0x0000001f97345ee8 mask 0xffffffffffffffff
Cpu 0 Reg W PC val 0x00000000801017bc mask 0xffffffffffffffff
Cpu 0 160 ----
Cpu 0 PC(VA) 0x00000000801017bc op: 0x0000000000000a37 : lui     x20, 0x0
Cpu 0 Reg W x20 val 0x0000000000000000 mask 0xffffffffffffffff
Cpu 0 Reg W PC val 0x00000000801017c0 mask 0xffffffffffffffff
Cpu 0 161 ----
Cpu 0 PC(VA) 0x00000000801017c0 op: 0x00000000003a0a1b : addiw   x20, x20, 3
Cpu 0 Reg R x20 val 0x0000000000000000 mask 0xffffffffffffffff
Cpu 0 Reg W x20 val 0x0000000000000003 mask 0xffffffffffffffff
Cpu 0 Reg W PC val 0x00000000801017c4 mask 0xffffffffffffffff
Cpu 0 162 ----
Cpu 0 PC(VA) 0x00000000801017c4 op: 0x000000000144b023 : sd      x20, 0(x9)
Cpu 0 Reg R x20 val 0x0000000000000003 mask 0xffffffffffffffff
Cpu 0 Reg R x9 val 0x0000001f97345ee8 mask 0xffffffffffffffff
Cpu 0 Reg W PC val 0x00000000801017c8 mask 0xffffffffffffffff
Cpu 0 Mem W bank 0 VA 0x0000001f97345ee8 PA 0x0000001f97345ee8 size 8 bytes 0x0300000000000000
Cpu 0 163 ----
Cpu 0 PC(VA) 0x00000000801017c8 op: 0x0000000000fcc0b7 : lui     x1, 0xfcc
Cpu 0 Reg W x1 val 0x0000000000fcc000 mask 0xffffffffffffffff
Cpu 0 Reg W PC val 0x00000000801017cc mask 0xffffffffffffffff
Cpu 0 164 ----
Cpu 0 PC(VA) 0x00000000801017cc op: 0x000000009a30809b : addiw   x1, x1, -1629
Cpu 0 Reg R x1 val 0x0000000000fcc000 mask 0xffffffffffffffff
Cpu 0 Reg W x1 val 0x0000000000fcb9a3 mask 0xffffffffffffffff
Cpu 0 Reg W PC val 0x00000000801017d0 mask 0xffffffffffffffff
Cpu 0 165 ----
Cpu 0 PC(VA) 0x00000000801017d0 op: 0x0000000000d09093 : slli    x1, x1, 13
Cpu 0 Reg R x1 val 0x0000000000fcb9a3 mask 0xffffffffffffffff
Cpu 0 Reg W x1 val 0x0000001f97346000 mask 0xffffffffffffffff
Cpu 0 Reg W PC val 0x00000000801017d4 mask 0xffffffffffffffff
Cpu 0 166 ----
Cpu 0 PC(VA) 0x00000000801017d4 op: 0x00000000ee808093 : addi    x1, x1, -280
Cpu 0 Reg R x1 val 0x0000001f97346000 mask 0xffffffffffffffff
Cpu 0 Reg W x1 val 0x0000001f97345ee8 mask 0xffffffffffffffff
Cpu 0 Reg W PC val 0x00000000801017d8 mask 0xffffffffffffffff
Cpu 0 167 ----
Cpu 0 PC(VA) 0x00000000801017d8 op: 0x0000000000043903 : ld      x18, 0(x8)
Cpu 0 Reg R x8 val 0x00000047e0d231b0 mask 0xffffffffffffffff
Cpu 0 Reg W x18 val 0x0000000000000001 mask 0xffffffffffffffff
Cpu 0 Reg W PC val 0x00000000801017dc mask 0xffffffffffffffff
Cpu 0 Mem R bank 0 VA 0x00000047e0d231b0 PA 0x00000047e0d231b0 size 8 bytes 0x0100000000000000
Cpu 0 168 ----
Cpu 0 PC(VA) 0x00000000801017dc op: 0x00000000000e3903 : ld      x18, 0(x28)
Cpu 0 Reg R x28 val 0x0000003191c26758 mask 0xffffffffffffffff
Cpu 0 Reg W x18 val 0x0000000000000002 mask 0xffffffffffffffff
Cpu 0 Reg W PC val 0x00000000801017e0 mask 0xffffffffffffffff
Cpu 0 Mem R bank 0 VA 0x0000003191c26758 PA 0x0000003191c26758 size 8 bytes 0x0200000000000000
Cpu 0 169 ----
Cpu 0 PC(VA) 0x00000000801017e0 op: 0x000000000000b903 : ld      x18, 0(x1)
Cpu 0 Reg R x1 val 0x0000001f97345ee8 mask 0xffffffffffffffff
Cpu 0 Reg W x18 val 0x0000000000000003 mask 0xffffffffffffffff
Cpu 0 Reg W PC val 0x00000000801017e4 mask 0xffffffffffffffff
Cpu 0 Mem R bank 0 VA 0x0000001f97345ee8 PA 0x0000001f97345ee8 size 8 bytes 0x0300000000000000
Cpu 0 170 ----
Cpu 0 PC(VA) 0x00000000801017e4 op: 0x00000000411cd9b3 : sra     x19, x25, x17
Cpu 0 Reg R x25 val 0x0000002774f0b0a0 mask 0xffffffffffffffff
Cpu 0 Reg R x17 val 0x0000003191c26758 mask 0xffffffffffffffff
Cpu 0 Reg W x19 val 0x0000000000002774 mask 0xffffffffffffffff
Cpu 0 Reg W PC val 0x00000000801017e8 mask 0xffffffffffffffff
Cpu 0 171 ----
Cpu 0 PC(VA) 0x00000000801017e8 op: 0x0000000001373937 : lui     x18, 0x1373
Cpu 0 Reg W x18 val 0x0000000001373000 mask 0xffffffffffffffff
Cpu 0 Reg W PC val 0x00000000801017ec mask 0xffffffffffffffff
Cpu 0 172 ----
Cpu 0 PC(VA) 0x00000000801017ec op: 0x00000000ddf9091b : addiw   x18, x18, -545
Cpu 0 Reg R x18 val 0x0000000001373000 mask 0xffffffffffffffff
Cpu 0 Reg W x18 val 0x0000000001372ddf mask 0xffffffffffffffff
Cpu 0 Reg W PC val 0x00000000801017f0 mask 0xffffffffffffffff
Cpu 0 173 ----
Cpu 0 PC(VA) 0x00000000801017f0 op: 0x0000000000e91913 : slli    x18, x18, 14
Cpu 0 Reg R x18 val 0x0000000001372ddf mask 0xffffffffffffffff
Cpu 0 Reg W x18 val 0x0000004dcb77c000 mask 0xffffffffffffffff
Cpu 0 Reg W PC val 0x00000000801017f4 mask 0xffffffffffffffff
Cpu 0 174 ----
Cpu 0 PC(VA) 0x00000000801017f4 op: 0x00000000c5490913 : addi    x18, x18, -940
Cpu 0 Reg R x18 val 0x0000004dcb77c000 mask 0xffffffffffffffff
Cpu 0 Reg W x18 val 0x0000004dcb77bc54 mask 0xffffffffffffffff
Cpu 0 Reg W PC val 0x00000000801017f8 mask 0xffffffffffffffff
Cpu 0 175 ----
Cpu 0 PC(VA) 0x00000000801017f8 op: 0x0000000082d92eaf : amomin.w x29, x13, (x18)
Cpu 0 Reg R x18 val 0x0000004dcb77bc54 mask 0xffffffffffffffff
Cpu 0 Reg R x13 val 0x0000000000000001 mask 0xffffffffffffffff
Cpu 0 Reg W x29 val 0xffffffffb9ac690c mask 0xffffffffffffffff
Cpu 0 Reg W PC val 0x00000000801017fc mask 0xffffffffffffffff
Cpu 0 Mem R bank 0 VA 0x0000004dcb77bc54 PA 0x0000004dcb77bc54 size 4 bytes 0x0c69acb9
Cpu 0 Mem W bank 0 VA 0x0000004dcb77bc54 PA 0x0000004dcb77bc54 size 4 bytes 0x0c69acb9
Cpu 0 176 ----
Cpu 0 PC(VA) 0x00000000801017fc op: 0x00000000c216b553 : fcvt.wu.d x10, f13
Cpu 0 Reg R f13_0 val 0xc6d3906162fd76c2 mask 0xffffffffffffffff
Cpu 0 Reg W x10 val 0x0000000000000000 mask 0xffffffffffffffff
Cpu 0 Reg W mstatus val 0x8000000a00006588 mask 0xffffffffffffffff
Cpu 0 Reg W fcsr val 0x0000000000000011 mask 0xffffffffffffffff
Cpu 0 Reg W PC val 0x0000000080101800 mask 0xffffffffffffffff
Cpu 0 177 ----
Cpu 0 PC(VA) 0x0000000080101800 op: 0x000000000288b3b7 : lui     x7, 0x288b
Cpu 0 Reg W x7 val 0x000000000288b000 mask 0xffffffffffffffff
Cpu 0 Reg W PC val 0x0000000080101804 mask 0xffffffffffffffff
Cpu 0 178 ----
Cpu 0 PC(VA) 0x0000000080101804 op: 0x00000000a733839b : addiw   x7, x7, -1421
Cpu 0 Reg R x7 val 0x000000000288b000 mask 0xffffffffffffffff
Cpu 0 Reg W x7 val 0x000000000288aa73 mask 0xffffffffffffffff
Cpu 0 Reg W PC val 0x0000000080101808 mask 0xffffffffffffffff
Cpu 0 179 ----
Cpu 0 PC(VA) 0x0000000080101808 op: 0x0000000000d39393 : slli    x7, x7, 13
Cpu 0 Reg R x7 val 0x000000000288aa73 mask 0xffffffffffffffff
Cpu 0 Reg W x7 val 0x00000051154e6000 mask 0xffffffffffffffff
Cpu 0 Reg W PC val 0x000000008010180c mask 0xffffffffffffffff
Cpu 0 180 ----
Cpu 0 PC(VA) 0x000000008010180c op: 0x000000007c038393 : addi    x7, x7, 1984
Cpu 0 Reg R x7 val 0x00000051154e6000 mask 0xffffffffffffffff
Cpu 0 Reg W x7 val 0x00000051154e67c0 mask 0xffffffffffffffff
Cpu 0 Reg W PC val 0x0000000080101810 mask 0xffffffffffffffff
Cpu 0 181 ----
Cpu 0 PC(VA) 0x0000000080101810 op: 0x000000001003beaf : lr.d    x29, (x7)
Cpu 0 Reg R x7 val 0x00000051154e67c0 mask 0xffffffffffffffff
Cpu 0 Reg R x7 val 0x00000051154e67c0 mask 0xffffffffffffffff
Cpu 0 Reg W x29 val 0x0000003c149b2fa8 mask 0xffffffffffffffff
Cpu 0 Reg W PC val 0x0000000080101814 mask 0xffffffffffffffff
Cpu 0 Mem R bank 0 VA 0x00000051154e67c0 PA 0x00000051154e67c0 size 8 bytes 0xa82f9b143c000000
Cpu 0 182 ----
Cpu 0 PC(VA) 0x0000000080101814 op: 0x000000000030dc93 : srli    x25, x1, 3
Cpu 0 Reg R x1 val 0x0000001f97345ee8 mask 0xffffffffffffffff
Cpu 0 Reg W x25 val 0x00000003f2e68bdd mask 0xffffffffffffffff
Cpu 0 Reg W PC val 0x0000000080101818 mask 0xffffffffffffffff
Cpu 0 183 ----
Cpu 0 PC(VA) 0x0000000080101818 op: 0x0000000001ce33b3 : sltu    x7, x28, x28
Cpu 0 Reg R x28 val 0x0000003191c26758 mask 0xffffffffffffffff
Cpu 0 Reg R x28 val 0x0000003191c26758 mask 0xffffffffffffffff
Cpu 0 Reg W x7 val 0x0000000000000000 mask 0xffffffffffffffff
Cpu 0 Reg W PC val 0x000000008010181c mask 0xffffffffffffffff
Cpu 0 184 ----
Cpu 0 PC(VA) 0x000000008010181c op: 0x0000000002cb39b3 : mulhu   x19, x22, x12
Cpu 0 Reg R x12 val 0x0000000000000003 mask 0xffffffffffffffff
Cpu 0 Reg R x22 val 0x000000007fffffff mask 0xffffffffffffffff
Cpu 0 Reg W x19 val 0x0000000000000000 mask 0xffffffffffffffff
Cpu 0 Reg W PC val 0x0000000080101820 mask 0xffffffffffffffff
Cpu 0 185 ----
Cpu 0 PC(VA) 0x0000000080101820 op: 0x0000000093d67a63 : bgeu    x12, x29, pc - 3788
Cpu 0 Reg R x12 val 0x0000000000000003 mask 0xffffffffffffffff
Cpu 0 Reg R x29 val 0x0000003c149b2fa8 mask 0xffffffffffffffff
Cpu 0 Reg W PC val 0x0000000080101824 mask 0xffffffffffffffff
Cpu 0 186 ----
Cpu 0 PC(VA) 0x0000000080101824 op: 0x000000000000006f : j       pc + 0x0
Cpu 0 Reg W x0 val 0x0000000080101828 mask 0xffffffffffffffff
Cpu 0 Reg W PC val 0x0000000080101824 mask 0xffffffffffffffff
Cpu 0 executed 186 instructions.
Executed 186 instructions, exit status (SUCCESS)
