[trace]User specified seed 0x91871457
[notice]Initial seed = 0x91871457
[trace]User specified config file "/nfs/home/konglinghui/force-riscv/config/riscv_rv64_sv39.config".
[notice]FORCE_PATH = /nfs/home/konglinghui/force-riscv
[notice]Loading config file: /nfs/home/konglinghui/force-riscv/config/riscv_rv64_sv39.config ...
[notice]Generating using test template "/nfs/home/konglinghui/force-riscv/examples/riscv/um_choiceMod_02_force.py"...
[notice]Simulating instructions during test generation.
[notice]Generate outputs with seed number.
[notice]Test options specified: handlers_set=Fast.
[notice]Command line: /nfs/home/konglinghui/force-riscv/bin/friscv -t /nfs/home/konglinghui/force-riscv/examples/riscv/um_choiceMod_02_force.py -c /nfs/home/konglinghui/force-riscv/config/riscv_rv64_sv39.config -s 0x91871457 -w -l trace -o handlers_set=Fast
[notice]Simulator API module: '/nfs/home/konglinghui/force-riscv/bin/SimApiHANDCAR.so'.
[notice]Simulator DLL: '/nfs/home/konglinghui/force-riscv/utils/handcar/handcar_cosim.so'.
token: -p1
token: --varch=vlen:512,slen:512,elen:64
token: --isa=RV64IMAFDCV_zfh
Received additional options: handcar_cosim, -p1, --varch=vlen:512,slen:512,elen:64, --isa=RV64IMAFDCV_zfh, no_elf, 
[notice]Simulator Standalone: '/nfs/home/konglinghui/force-riscv/fpix/bin/fpix_riscv'.
[notice]Loading instruction file: /nfs/home/konglinghui/force-riscv/riscv/arch_data/instr/g_instructions.xml ...
[trace]Adding new instruction ADD##RISCV
[trace]Adding new instruction ADDI##RISCV
[trace]Adding new instruction AMOADD.W##RISCV
[trace]Adding new instruction AMOAND.W##RISCV
[trace]Adding new instruction AMOMAX.W##RISCV
[trace]Adding new instruction AMOMAXU.W##RISCV
[trace]Adding new instruction AMOMIN.W##RISCV
[trace]Adding new instruction AMOMINU.W##RISCV
[trace]Adding new instruction AMOOR.W##RISCV
[trace]Adding new instruction AMOSWAP.W##RISCV
[trace]Adding new instruction AMOXOR.W##RISCV
[trace]Adding new instruction AND##RISCV
[trace]Adding new instruction ANDI##RISCV
[trace]Adding new instruction AUIPC##RISCV
[trace]Adding new instruction BEQ##RISCV
[trace]Adding new instruction BGE##RISCV
[trace]Adding new instruction BGEU##RISCV
[trace]Adding new instruction BLT##RISCV
[trace]Adding new instruction BLTU##RISCV
[trace]Adding new instruction BNE##RISCV
[trace]Adding new instruction CSRRC#register#RISCV
[trace]Adding new instruction CSRRCI#immediate#RISCV
[trace]Adding new instruction CSRRS#register#RISCV
[trace]Adding new instruction CSRRSI#immediate#RISCV
[trace]Adding new instruction CSRRW#register#RISCV
[trace]Adding new instruction CSRRWI#immediate#RISCV
[trace]Adding new instruction DIV##RISCV
[trace]Adding new instruction DIVU##RISCV
[trace]Adding new instruction EBREAK##RISCV
[trace]Adding new instruction ECALL##RISCV
[trace]Adding new instruction FADD.D##RISCV
[trace]Adding new instruction FADD.S##RISCV
[trace]Adding new instruction FCLASS.D##RISCV
[trace]Adding new instruction FCLASS.S##RISCV
[trace]Adding new instruction FCVT.D.S##RISCV
[trace]Adding new instruction FCVT.D.W##RISCV
[trace]Adding new instruction FCVT.D.WU##RISCV
[trace]Adding new instruction FCVT.S.D##RISCV
[trace]Adding new instruction FCVT.S.W##RISCV
[trace]Adding new instruction FCVT.S.WU##RISCV
[trace]Adding new instruction FCVT.W.D##RISCV
[trace]Adding new instruction FCVT.W.S##RISCV
[trace]Adding new instruction FCVT.WU.D##RISCV
[trace]Adding new instruction FCVT.WU.S##RISCV
[trace]Adding new instruction FDIV.D##RISCV
[trace]Adding new instruction FDIV.S##RISCV
[trace]Adding new instruction FENCE##RISCV
[trace]Adding new instruction FENCE.I##RISCV
[trace]Adding new instruction FEQ.D##RISCV
[trace]Adding new instruction FEQ.S##RISCV
[trace]Adding new instruction FLD##RISCV
[trace]Adding new instruction FLE.D##RISCV
[trace]Adding new instruction FLE.S##RISCV
[trace]Adding new instruction FLT.D##RISCV
[trace]Adding new instruction FLT.S##RISCV
[trace]Adding new instruction FLW##RISCV
[trace]Adding new instruction FMADD.D##RISCV
[trace]Adding new instruction FMADD.S##RISCV
[trace]Adding new instruction FMAX.D##RISCV
[trace]Adding new instruction FMAX.S##RISCV
[trace]Adding new instruction FMIN.D##RISCV
[trace]Adding new instruction FMIN.S##RISCV
[trace]Adding new instruction FMSUB.D##RISCV
[trace]Adding new instruction FMSUB.S##RISCV
[trace]Adding new instruction FMUL.D##RISCV
[trace]Adding new instruction FMUL.S##RISCV
[trace]Adding new instruction FMV.W.X##RISCV
[trace]Adding new instruction FMV.X.W##RISCV
[trace]Adding new instruction FNMADD.D##RISCV
[trace]Adding new instruction FNMADD.S##RISCV
[trace]Adding new instruction FNMSUB.D##RISCV
[trace]Adding new instruction FNMSUB.S##RISCV
[trace]Adding new instruction FSD##RISCV
[trace]Adding new instruction FSGNJ.D##RISCV
[trace]Adding new instruction FSGNJ.S##RISCV
[trace]Adding new instruction FSGNJN.D##RISCV
[trace]Adding new instruction FSGNJN.S##RISCV
[trace]Adding new instruction FSGNJX.D##RISCV
[trace]Adding new instruction FSGNJX.S##RISCV
[trace]Adding new instruction FSQRT.D##RISCV
[trace]Adding new instruction FSQRT.S##RISCV
[trace]Adding new instruction FSUB.D##RISCV
[trace]Adding new instruction FSUB.S##RISCV
[trace]Adding new instruction FSW##RISCV
[trace]Adding new instruction JAL##RISCV
[trace]Adding new instruction JALR##RISCV
[trace]Adding new instruction LB##RISCV
[trace]Adding new instruction LBU##RISCV
[trace]Adding new instruction LH##RISCV
[trace]Adding new instruction LHU##RISCV
[trace]Adding new instruction LR.W##RISCV
[trace]Adding new instruction LUI##RISCV
[trace]Adding new instruction LW##RISCV
[trace]Adding new instruction MUL##RISCV
[trace]Adding new instruction MULH##RISCV
[trace]Adding new instruction MULHSU##RISCV
[trace]Adding new instruction MULHU##RISCV
[trace]Adding new instruction OR##RISCV
[trace]Adding new instruction ORI##RISCV
[trace]Adding new instruction REM##RISCV
[trace]Adding new instruction REMU##RISCV
[trace]Adding new instruction SB##RISCV
[trace]Adding new instruction SC.W##RISCV
[trace]Adding new instruction SH##RISCV
[trace]Adding new instruction SLL##RISCV
[trace]Adding new instruction SLLI#RV32I#RISCV
[trace]Adding new instruction SLT##RISCV
[trace]Adding new instruction SLTI##RISCV
[trace]Adding new instruction SLTIU##RISCV
[trace]Adding new instruction SLTU##RISCV
[trace]Adding new instruction SRA##RISCV
[trace]Adding new instruction SRAI#RV32I#RISCV
[trace]Adding new instruction SRL##RISCV
[trace]Adding new instruction SRLI#RV32I#RISCV
[trace]Adding new instruction SUB##RISCV
[trace]Adding new instruction SW##RISCV
[trace]Adding new instruction XOR##RISCV
[trace]Adding new instruction XORI##RISCV
[trace]Adding new instruction LEND##RISCV
[notice]Loading instruction file: /nfs/home/konglinghui/force-riscv/riscv/arch_data/instr/g_instructions_rv64.xml ...
[trace]Adding new instruction ADDIW##RISCV
[trace]Adding new instruction ADDW##RISCV
[trace]Adding new instruction AMOADD.D##RISCV
[trace]Adding new instruction AMOAND.D##RISCV
[trace]Adding new instruction AMOMAX.D##RISCV
[trace]Adding new instruction AMOMAXU.D##RISCV
[trace]Adding new instruction AMOMIN.D##RISCV
[trace]Adding new instruction AMOMINU.D##RISCV
[trace]Adding new instruction AMOOR.D##RISCV
[trace]Adding new instruction AMOSWAP.D##RISCV
[trace]Adding new instruction AMOXOR.D##RISCV
[trace]Adding new instruction DIVUW##RISCV
[trace]Adding new instruction DIVW##RISCV
[trace]Adding new instruction FCVT.D.L##RISCV
[trace]Adding new instruction FCVT.D.LU##RISCV
[trace]Adding new instruction FCVT.L.D##RISCV
[trace]Adding new instruction FCVT.L.S##RISCV
[trace]Adding new instruction FCVT.LU.D##RISCV
[trace]Adding new instruction FCVT.LU.S##RISCV
[trace]Adding new instruction FCVT.S.L##RISCV
[trace]Adding new instruction FCVT.S.LU##RISCV
[trace]Adding new instruction FMV.D.X##RISCV
[trace]Adding new instruction FMV.X.D##RISCV
[trace]Adding new instruction LD##RISCV
[trace]Adding new instruction LR.D##RISCV
[trace]Adding new instruction LWU##RISCV
[trace]Adding new instruction MULW##RISCV
[trace]Adding new instruction REMUW##RISCV
[trace]Adding new instruction REMW##RISCV
[trace]Adding new instruction SC.D##RISCV
[trace]Adding new instruction SD##RISCV
[trace]Adding new instruction SLLI#RV64I#RISCV
[trace]Adding new instruction SLLIW##RISCV
[trace]Adding new instruction SLLW##RISCV
[trace]Adding new instruction SRAI#RV64I#RISCV
[trace]Adding new instruction SRAIW##RISCV
[trace]Adding new instruction SRAW##RISCV
[trace]Adding new instruction SRLI#RV64I#RISCV
[trace]Adding new instruction SRLIW##RISCV
[trace]Adding new instruction SRLW##RISCV
[trace]Adding new instruction SUBW##RISCV
[notice]Loading instruction file: /nfs/home/konglinghui/force-riscv/riscv/arch_data/instr/c_instructions.xml ...
[trace]Adding new instruction C.ADD##RISCV
[trace]Adding new instruction C.ADDI##RISCV
[trace]Adding new instruction C.ADDI16SP##RISCV
[trace]Adding new instruction C.ADDI4SPN##RISCV
[trace]Adding new instruction C.AND##RISCV
[trace]Adding new instruction C.ANDI##RISCV
[trace]Adding new instruction C.BEQZ##RISCV
[trace]Adding new instruction C.BNEZ##RISCV
[trace]Adding new instruction C.EBREAK##RISCV
[trace]Adding new instruction C.FLD##RISCV
[trace]Adding new instruction C.FLDSP##RISCV
[trace]Adding new instruction C.FSD##RISCV
[trace]Adding new instruction C.FSDSP##RISCV
[trace]Adding new instruction C.J##RISCV
[trace]Adding new instruction C.JALR##RISCV
[trace]Adding new instruction C.JR##RISCV
[trace]Adding new instruction C.LI##RISCV
[trace]Adding new instruction C.LUI##RISCV
[trace]Adding new instruction C.LW##RISCV
[trace]Adding new instruction C.LWSP##RISCV
[trace]Adding new instruction C.MV##RISCV
[trace]Adding new instruction C.NOP##RISCV
[trace]Adding new instruction C.OR##RISCV
[trace]Adding new instruction C.SLLI##RISCV
[trace]Adding new instruction C.SLLI64##RISCV
[trace]Adding new instruction C.SRAI##RISCV
[trace]Adding new instruction C.SRAI64##RISCV
[trace]Adding new instruction C.SRLI##RISCV
[trace]Adding new instruction C.SRLI64##RISCV
[trace]Adding new instruction C.SUB##RISCV
[trace]Adding new instruction C.SW##RISCV
[trace]Adding new instruction C.SWSP##RISCV
[trace]Adding new instruction C.XOR##RISCV
[notice]Loading instruction file: /nfs/home/konglinghui/force-riscv/riscv/arch_data/instr/c_instructions_rv64.xml ...
[trace]Adding new instruction C.ADDIW##RISCV
[trace]Adding new instruction C.ADDW##RISCV
[trace]Adding new instruction C.LD##RISCV
[trace]Adding new instruction C.LDSP##RISCV
[trace]Adding new instruction C.SD##RISCV
[trace]Adding new instruction C.SDSP##RISCV
[trace]Adding new instruction C.SUBW##RISCV
[notice]Loading instruction file: /nfs/home/konglinghui/force-riscv/riscv/arch_data/instr/v_instructions.xml ...
[trace]Adding new instruction VAADD.VV##RISCV
[trace]Adding new instruction VAADD.VX##RISCV
[trace]Adding new instruction VAADDU.VV##RISCV
[trace]Adding new instruction VAADDU.VX##RISCV
[trace]Adding new instruction VADC.VIM##RISCV
[trace]Adding new instruction VADC.VVM##RISCV
[trace]Adding new instruction VADC.VXM##RISCV
[trace]Adding new instruction VADD.VI##RISCV
[trace]Adding new instruction VADD.VV##RISCV
[trace]Adding new instruction VADD.VX##RISCV
[trace]Adding new instruction VAMOADDEI16.V#No register write#RISCV
[trace]Adding new instruction VAMOADDEI16.V#Register write#RISCV
[trace]Adding new instruction VAMOADDEI32.V#No register write#RISCV
[trace]Adding new instruction VAMOADDEI32.V#Register write#RISCV
[trace]Adding new instruction VAMOADDEI64.V#No register write#RISCV
[trace]Adding new instruction VAMOADDEI64.V#Register write#RISCV
[trace]Adding new instruction VAMOADDEI8.V#No register write#RISCV
[trace]Adding new instruction VAMOADDEI8.V#Register write#RISCV
[trace]Adding new instruction VAMOANDEI16.V#No register write#RISCV
[trace]Adding new instruction VAMOANDEI16.V#Register write#RISCV
[trace]Adding new instruction VAMOANDEI32.V#No register write#RISCV
[trace]Adding new instruction VAMOANDEI32.V#Register write#RISCV
[trace]Adding new instruction VAMOANDEI64.V#No register write#RISCV
[trace]Adding new instruction VAMOANDEI64.V#Register write#RISCV
[trace]Adding new instruction VAMOANDEI8.V#No register write#RISCV
[trace]Adding new instruction VAMOANDEI8.V#Register write#RISCV
[trace]Adding new instruction VAMOMAXEI16.V#No register write#RISCV
[trace]Adding new instruction VAMOMAXEI16.V#Register write#RISCV
[trace]Adding new instruction VAMOMAXEI32.V#No register write#RISCV
[trace]Adding new instruction VAMOMAXEI32.V#Register write#RISCV
[trace]Adding new instruction VAMOMAXEI64.V#No register write#RISCV
[trace]Adding new instruction VAMOMAXEI64.V#Register write#RISCV
[trace]Adding new instruction VAMOMAXEI8.V#No register write#RISCV
[trace]Adding new instruction VAMOMAXEI8.V#Register write#RISCV
[trace]Adding new instruction VAMOMAXUEI16.V#No register write#RISCV
[trace]Adding new instruction VAMOMAXUEI16.V#Register write#RISCV
[trace]Adding new instruction VAMOMAXUEI32.V#No register write#RISCV
[trace]Adding new instruction VAMOMAXUEI32.V#Register write#RISCV
[trace]Adding new instruction VAMOMAXUEI64.V#No register write#RISCV
[trace]Adding new instruction VAMOMAXUEI64.V#Register write#RISCV
[trace]Adding new instruction VAMOMAXUEI8.V#No register write#RISCV
[trace]Adding new instruction VAMOMAXUEI8.V#Register write#RISCV
[trace]Adding new instruction VAMOMINEI16.V#No register write#RISCV
[trace]Adding new instruction VAMOMINEI16.V#Register write#RISCV
[trace]Adding new instruction VAMOMINEI32.V#No register write#RISCV
[trace]Adding new instruction VAMOMINEI32.V#Register write#RISCV
[trace]Adding new instruction VAMOMINEI64.V#No register write#RISCV
[trace]Adding new instruction VAMOMINEI64.V#Register write#RISCV
[trace]Adding new instruction VAMOMINEI8.V#No register write#RISCV
[trace]Adding new instruction VAMOMINEI8.V#Register write#RISCV
[trace]Adding new instruction VAMOMINUEI16.V#No register write#RISCV
[trace]Adding new instruction VAMOMINUEI16.V#Register write#RISCV
[trace]Adding new instruction VAMOMINUEI32.V#No register write#RISCV
[trace]Adding new instruction VAMOMINUEI32.V#Register write#RISCV
[trace]Adding new instruction VAMOMINUEI64.V#No register write#RISCV
[trace]Adding new instruction VAMOMINUEI64.V#Register write#RISCV
[trace]Adding new instruction VAMOMINUEI8.V#No register write#RISCV
[trace]Adding new instruction VAMOMINUEI8.V#Register write#RISCV
[trace]Adding new instruction VAMOOREI16.V#No register write#RISCV
[trace]Adding new instruction VAMOOREI16.V#Register write#RISCV
[trace]Adding new instruction VAMOOREI32.V#No register write#RISCV
[trace]Adding new instruction VAMOOREI32.V#Register write#RISCV
[trace]Adding new instruction VAMOOREI64.V#No register write#RISCV
[trace]Adding new instruction VAMOOREI64.V#Register write#RISCV
[trace]Adding new instruction VAMOOREI8.V#No register write#RISCV
[trace]Adding new instruction VAMOOREI8.V#Register write#RISCV
[trace]Adding new instruction VAMOSWAPEI16.V#No register write#RISCV
[trace]Adding new instruction VAMOSWAPEI16.V#Register write#RISCV
[trace]Adding new instruction VAMOSWAPEI32.V#No register write#RISCV
[trace]Adding new instruction VAMOSWAPEI32.V#Register write#RISCV
[trace]Adding new instruction VAMOSWAPEI64.V#No register write#RISCV
[trace]Adding new instruction VAMOSWAPEI64.V#Register write#RISCV
[trace]Adding new instruction VAMOSWAPEI8.V#No register write#RISCV
[trace]Adding new instruction VAMOSWAPEI8.V#Register write#RISCV
[trace]Adding new instruction VAMOXOREI16.V#No register write#RISCV
[trace]Adding new instruction VAMOXOREI16.V#Register write#RISCV
[trace]Adding new instruction VAMOXOREI32.V#No register write#RISCV
[trace]Adding new instruction VAMOXOREI32.V#Register write#RISCV
[trace]Adding new instruction VAMOXOREI64.V#No register write#RISCV
[trace]Adding new instruction VAMOXOREI64.V#Register write#RISCV
[trace]Adding new instruction VAMOXOREI8.V#No register write#RISCV
[trace]Adding new instruction VAMOXOREI8.V#Register write#RISCV
[trace]Adding new instruction VAND.VI##RISCV
[trace]Adding new instruction VAND.VV##RISCV
[trace]Adding new instruction VAND.VX##RISCV
[trace]Adding new instruction VASUB.VV##RISCV
[trace]Adding new instruction VASUB.VX##RISCV
[trace]Adding new instruction VASUBU.VV##RISCV
[trace]Adding new instruction VASUBU.VX##RISCV
[trace]Adding new instruction VCOMPRESS.VM##RISCV
[trace]Adding new instruction VCPOP.M##RISCV
[trace]Adding new instruction VDIV.VV##RISCV
[trace]Adding new instruction VDIV.VX##RISCV
[trace]Adding new instruction VDIVU.VV##RISCV
[trace]Adding new instruction VDIVU.VX##RISCV
[trace]Adding new instruction VFADD.VF##RISCV
[trace]Adding new instruction VFADD.VV##RISCV
[trace]Adding new instruction VFCLASS.V##RISCV
[trace]Adding new instruction VFCVT.F.X.V##RISCV
[trace]Adding new instruction VFCVT.F.XU.V##RISCV
[trace]Adding new instruction VFCVT.RTZ.X.F.V##RISCV
[trace]Adding new instruction VFCVT.RTZ.XU.F.V##RISCV
[trace]Adding new instruction VFCVT.X.F.V##RISCV
[trace]Adding new instruction VFCVT.XU.F.V##RISCV
[trace]Adding new instruction VFDIV.VF##RISCV
[trace]Adding new instruction VFDIV.VV##RISCV
[trace]Adding new instruction VFIRST.M##RISCV
[trace]Adding new instruction VFMACC.VF##RISCV
[trace]Adding new instruction VFMACC.VV##RISCV
[trace]Adding new instruction VFMADD.VF##RISCV
[trace]Adding new instruction VFMADD.VV##RISCV
[trace]Adding new instruction VFMAX.VF##RISCV
[trace]Adding new instruction VFMAX.VV##RISCV
[trace]Adding new instruction VFMERGE.VFM##RISCV
[trace]Adding new instruction VFMIN.VF##RISCV
[trace]Adding new instruction VFMIN.VV##RISCV
[trace]Adding new instruction VFMSAC.VF##RISCV
[trace]Adding new instruction VFMSAC.VV##RISCV
[trace]Adding new instruction VFMSUB.VF##RISCV
[trace]Adding new instruction VFMSUB.VV##RISCV
[trace]Adding new instruction VFMUL.VF##RISCV
[trace]Adding new instruction VFMUL.VV##RISCV
[trace]Adding new instruction VFMV.F.S##RISCV
[trace]Adding new instruction VFMV.S.F##RISCV
[trace]Adding new instruction VFMV.V.F##RISCV
[trace]Adding new instruction VFNCVT.F.F.W##RISCV
[trace]Adding new instruction VFNCVT.F.X.W##RISCV
[trace]Adding new instruction VFNCVT.F.XU.W##RISCV
[trace]Adding new instruction VFNCVT.ROD.F.F.W##RISCV
[trace]Adding new instruction VFNCVT.RTZ.X.F.W##RISCV
[trace]Adding new instruction VFNCVT.RTZ.XU.F.W##RISCV
[trace]Adding new instruction VFNCVT.X.F.W##RISCV
[trace]Adding new instruction VFNCVT.XU.F.W##RISCV
[trace]Adding new instruction VFNMACC.VF##RISCV
[trace]Adding new instruction VFNMACC.VV##RISCV
[trace]Adding new instruction VFNMADD.VF##RISCV
[trace]Adding new instruction VFNMADD.VV##RISCV
[trace]Adding new instruction VFNMSAC.VF##RISCV
[trace]Adding new instruction VFNMSAC.VV##RISCV
[trace]Adding new instruction VFNMSUB.VF##RISCV
[trace]Adding new instruction VFNMSUB.VV##RISCV
[trace]Adding new instruction VFRDIV.VF##RISCV
[trace]Adding new instruction VFREC7.V##RISCV
[trace]Adding new instruction VFREDMAX.VS##RISCV
[trace]Adding new instruction VFREDMIN.VS##RISCV
[trace]Adding new instruction VFREDOSUM.VS##RISCV
[trace]Adding new instruction VFREDUSUM.VS##RISCV
[trace]Adding new instruction VFRSQRT7.V##RISCV
[trace]Adding new instruction VFRSUB.VF##RISCV
[trace]Adding new instruction VFSGNJ.VF##RISCV
[trace]Adding new instruction VFSGNJ.VV##RISCV
[trace]Adding new instruction VFSGNJN.VF##RISCV
[trace]Adding new instruction VFSGNJN.VV##RISCV
[trace]Adding new instruction VFSGNJX.VF##RISCV
[trace]Adding new instruction VFSGNJX.VV##RISCV
[trace]Adding new instruction VFSLIDE1DOWN.VF##RISCV
[trace]Adding new instruction VFSLIDE1UP.VF##RISCV
[trace]Adding new instruction VFSQRT.V##RISCV
[trace]Adding new instruction VFSUB.VF##RISCV
[trace]Adding new instruction VFSUB.VV##RISCV
[trace]Adding new instruction VFWADD.VF##RISCV
[trace]Adding new instruction VFWADD.VV##RISCV
[trace]Adding new instruction VFWADD.WF##RISCV
[trace]Adding new instruction VFWADD.WV##RISCV
[trace]Adding new instruction VFWCVT.F.F.V##RISCV
[trace]Adding new instruction VFWCVT.F.X.V##RISCV
[trace]Adding new instruction VFWCVT.F.XU.V##RISCV
[trace]Adding new instruction VFWCVT.RTZ.X.F.V##RISCV
[trace]Adding new instruction VFWCVT.RTZ.XU.F.V##RISCV
[trace]Adding new instruction VFWCVT.X.F.V##RISCV
[trace]Adding new instruction VFWCVT.XU.F.V##RISCV
[trace]Adding new instruction VFWMACC.VF##RISCV
[trace]Adding new instruction VFWMACC.VV##RISCV
[trace]Adding new instruction VFWMSAC.VF##RISCV
[trace]Adding new instruction VFWMSAC.VV##RISCV
[trace]Adding new instruction VFWMUL.VF##RISCV
[trace]Adding new instruction VFWMUL.VV##RISCV
[trace]Adding new instruction VFWNMACC.VF##RISCV
[trace]Adding new instruction VFWNMACC.VV##RISCV
[trace]Adding new instruction VFWNMSAC.VF##RISCV
[trace]Adding new instruction VFWNMSAC.VV##RISCV
[trace]Adding new instruction VFWREDOSUM.VS##RISCV
[trace]Adding new instruction VFWREDUSUM.VS##RISCV
[trace]Adding new instruction VFWSUB.VF##RISCV
[trace]Adding new instruction VFWSUB.VV##RISCV
[trace]Adding new instruction VFWSUB.WF##RISCV
[trace]Adding new instruction VFWSUB.WV##RISCV
[trace]Adding new instruction VID.V##RISCV
[trace]Adding new instruction VIOTA.M##RISCV
[trace]Adding new instruction VL1RE16.V##RISCV
[trace]Adding new instruction VL1RE32.V##RISCV
[trace]Adding new instruction VL1RE64.V##RISCV
[trace]Adding new instruction VL1RE8.V##RISCV
[trace]Adding new instruction VL2RE16.V##RISCV
[trace]Adding new instruction VL2RE32.V##RISCV
[trace]Adding new instruction VL2RE64.V##RISCV
[trace]Adding new instruction VL2RE8.V##RISCV
[trace]Adding new instruction VL4RE16.V##RISCV
[trace]Adding new instruction VL4RE32.V##RISCV
[trace]Adding new instruction VL4RE64.V##RISCV
[trace]Adding new instruction VL4RE8.V##RISCV
[trace]Adding new instruction VL8RE16.V##RISCV
[trace]Adding new instruction VL8RE32.V##RISCV
[trace]Adding new instruction VL8RE64.V##RISCV
[trace]Adding new instruction VL8RE8.V##RISCV
[trace]Adding new instruction VLE16.V##RISCV
[trace]Adding new instruction VLE16FF.V##RISCV
[trace]Adding new instruction VLE32.V##RISCV
[trace]Adding new instruction VLE32FF.V##RISCV
[trace]Adding new instruction VLE64.V##RISCV
[trace]Adding new instruction VLE64FF.V##RISCV
[trace]Adding new instruction VLE8.V##RISCV
[trace]Adding new instruction VLE8FF.V##RISCV
[trace]Adding new instruction VLM.V##RISCV
[trace]Adding new instruction VLOXEI16.V##RISCV
[trace]Adding new instruction VLOXEI32.V##RISCV
[trace]Adding new instruction VLOXEI64.V##RISCV
[trace]Adding new instruction VLOXEI8.V##RISCV
[trace]Adding new instruction VLOXSEG2EI16.V##RISCV
[trace]Adding new instruction VLOXSEG2EI32.V##RISCV
[trace]Adding new instruction VLOXSEG2EI64.V##RISCV
[trace]Adding new instruction VLOXSEG2EI8.V##RISCV
[trace]Adding new instruction VLOXSEG3EI16.V##RISCV
[trace]Adding new instruction VLOXSEG3EI32.V##RISCV
[trace]Adding new instruction VLOXSEG3EI64.V##RISCV
[trace]Adding new instruction VLOXSEG3EI8.V##RISCV
[trace]Adding new instruction VLOXSEG4EI16.V##RISCV
[trace]Adding new instruction VLOXSEG4EI32.V##RISCV
[trace]Adding new instruction VLOXSEG4EI64.V##RISCV
[trace]Adding new instruction VLOXSEG4EI8.V##RISCV
[trace]Adding new instruction VLOXSEG5EI16.V##RISCV
[trace]Adding new instruction VLOXSEG5EI32.V##RISCV
[trace]Adding new instruction VLOXSEG5EI64.V##RISCV
[trace]Adding new instruction VLOXSEG5EI8.V##RISCV
[trace]Adding new instruction VLOXSEG6EI16.V##RISCV
[trace]Adding new instruction VLOXSEG6EI32.V##RISCV
[trace]Adding new instruction VLOXSEG6EI64.V##RISCV
[trace]Adding new instruction VLOXSEG6EI8.V##RISCV
[trace]Adding new instruction VLOXSEG7EI16.V##RISCV
[trace]Adding new instruction VLOXSEG7EI32.V##RISCV
[trace]Adding new instruction VLOXSEG7EI64.V##RISCV
[trace]Adding new instruction VLOXSEG7EI8.V##RISCV
[trace]Adding new instruction VLOXSEG8EI16.V##RISCV
[trace]Adding new instruction VLOXSEG8EI32.V##RISCV
[trace]Adding new instruction VLOXSEG8EI64.V##RISCV
[trace]Adding new instruction VLOXSEG8EI8.V##RISCV
[trace]Adding new instruction VLSE16.V##RISCV
[trace]Adding new instruction VLSE32.V##RISCV
[trace]Adding new instruction VLSE64.V##RISCV
[trace]Adding new instruction VLSE8.V##RISCV
[trace]Adding new instruction VLSEG2E16.V##RISCV
[trace]Adding new instruction VLSEG2E16FF.V##RISCV
[trace]Adding new instruction VLSEG2E32.V##RISCV
[trace]Adding new instruction VLSEG2E32FF.V##RISCV
[trace]Adding new instruction VLSEG2E64.V##RISCV
[trace]Adding new instruction VLSEG2E64FF.V##RISCV
[trace]Adding new instruction VLSEG2E8.V##RISCV
[trace]Adding new instruction VLSEG2E8FF.V##RISCV
[trace]Adding new instruction VLSEG3E16.V##RISCV
[trace]Adding new instruction VLSEG3E16FF.V##RISCV
[trace]Adding new instruction VLSEG3E32.V##RISCV
[trace]Adding new instruction VLSEG3E32FF.V##RISCV
[trace]Adding new instruction VLSEG3E64.V##RISCV
[trace]Adding new instruction VLSEG3E64FF.V##RISCV
[trace]Adding new instruction VLSEG3E8.V##RISCV
[trace]Adding new instruction VLSEG3E8FF.V##RISCV
[trace]Adding new instruction VLSEG4E16.V##RISCV
[trace]Adding new instruction VLSEG4E16FF.V##RISCV
[trace]Adding new instruction VLSEG4E32.V##RISCV
[trace]Adding new instruction VLSEG4E32FF.V##RISCV
[trace]Adding new instruction VLSEG4E64.V##RISCV
[trace]Adding new instruction VLSEG4E64FF.V##RISCV
[trace]Adding new instruction VLSEG4E8.V##RISCV
[trace]Adding new instruction VLSEG4E8FF.V##RISCV
[trace]Adding new instruction VLSEG5E16.V##RISCV
[trace]Adding new instruction VLSEG5E16FF.V##RISCV
[trace]Adding new instruction VLSEG5E32.V##RISCV
[trace]Adding new instruction VLSEG5E32FF.V##RISCV
[trace]Adding new instruction VLSEG5E64.V##RISCV
[trace]Adding new instruction VLSEG5E64FF.V##RISCV
[trace]Adding new instruction VLSEG5E8.V##RISCV
[trace]Adding new instruction VLSEG5E8FF.V##RISCV
[trace]Adding new instruction VLSEG6E16.V##RISCV
[trace]Adding new instruction VLSEG6E16FF.V##RISCV
[trace]Adding new instruction VLSEG6E32.V##RISCV
[trace]Adding new instruction VLSEG6E32FF.V##RISCV
[trace]Adding new instruction VLSEG6E64.V##RISCV
[trace]Adding new instruction VLSEG6E64FF.V##RISCV
[trace]Adding new instruction VLSEG6E8.V##RISCV
[trace]Adding new instruction VLSEG6E8FF.V##RISCV
[trace]Adding new instruction VLSEG7E16.V##RISCV
[trace]Adding new instruction VLSEG7E16FF.V##RISCV
[trace]Adding new instruction VLSEG7E32.V##RISCV
[trace]Adding new instruction VLSEG7E32FF.V##RISCV
[trace]Adding new instruction VLSEG7E64.V##RISCV
[trace]Adding new instruction VLSEG7E64FF.V##RISCV
[trace]Adding new instruction VLSEG7E8.V##RISCV
[trace]Adding new instruction VLSEG7E8FF.V##RISCV
[trace]Adding new instruction VLSEG8E16.V##RISCV
[trace]Adding new instruction VLSEG8E16FF.V##RISCV
[trace]Adding new instruction VLSEG8E32.V##RISCV
[trace]Adding new instruction VLSEG8E32FF.V##RISCV
[trace]Adding new instruction VLSEG8E64.V##RISCV
[trace]Adding new instruction VLSEG8E64FF.V##RISCV
[trace]Adding new instruction VLSEG8E8.V##RISCV
[trace]Adding new instruction VLSEG8E8FF.V##RISCV
[trace]Adding new instruction VLSSEG2E16.V##RISCV
[trace]Adding new instruction VLSSEG2E32.V##RISCV
[trace]Adding new instruction VLSSEG2E64.V##RISCV
[trace]Adding new instruction VLSSEG2E8.V##RISCV
[trace]Adding new instruction VLSSEG3E16.V##RISCV
[trace]Adding new instruction VLSSEG3E32.V##RISCV
[trace]Adding new instruction VLSSEG3E64.V##RISCV
[trace]Adding new instruction VLSSEG3E8.V##RISCV
[trace]Adding new instruction VLSSEG4E16.V##RISCV
[trace]Adding new instruction VLSSEG4E32.V##RISCV
[trace]Adding new instruction VLSSEG4E64.V##RISCV
[trace]Adding new instruction VLSSEG4E8.V##RISCV
[trace]Adding new instruction VLSSEG5E16.V##RISCV
[trace]Adding new instruction VLSSEG5E32.V##RISCV
[trace]Adding new instruction VLSSEG5E64.V##RISCV
[trace]Adding new instruction VLSSEG5E8.V##RISCV
[trace]Adding new instruction VLSSEG6E16.V##RISCV
[trace]Adding new instruction VLSSEG6E32.V##RISCV
[trace]Adding new instruction VLSSEG6E64.V##RISCV
[trace]Adding new instruction VLSSEG6E8.V##RISCV
[trace]Adding new instruction VLSSEG7E16.V##RISCV
[trace]Adding new instruction VLSSEG7E32.V##RISCV
[trace]Adding new instruction VLSSEG7E64.V##RISCV
[trace]Adding new instruction VLSSEG7E8.V##RISCV
[trace]Adding new instruction VLSSEG8E16.V##RISCV
[trace]Adding new instruction VLSSEG8E32.V##RISCV
[trace]Adding new instruction VLSSEG8E64.V##RISCV
[trace]Adding new instruction VLSSEG8E8.V##RISCV
[trace]Adding new instruction VLUXEI16.V##RISCV
[trace]Adding new instruction VLUXEI32.V##RISCV
[trace]Adding new instruction VLUXEI64.V##RISCV
[trace]Adding new instruction VLUXEI8.V##RISCV
[trace]Adding new instruction VLUXSEG2EI16.V##RISCV
[trace]Adding new instruction VLUXSEG2EI32.V##RISCV
[trace]Adding new instruction VLUXSEG2EI64.V##RISCV
[trace]Adding new instruction VLUXSEG2EI8.V##RISCV
[trace]Adding new instruction VLUXSEG3EI16.V##RISCV
[trace]Adding new instruction VLUXSEG3EI32.V##RISCV
[trace]Adding new instruction VLUXSEG3EI64.V##RISCV
[trace]Adding new instruction VLUXSEG3EI8.V##RISCV
[trace]Adding new instruction VLUXSEG4EI16.V##RISCV
[trace]Adding new instruction VLUXSEG4EI32.V##RISCV
[trace]Adding new instruction VLUXSEG4EI64.V##RISCV
[trace]Adding new instruction VLUXSEG4EI8.V##RISCV
[trace]Adding new instruction VLUXSEG5EI16.V##RISCV
[trace]Adding new instruction VLUXSEG5EI32.V##RISCV
[trace]Adding new instruction VLUXSEG5EI64.V##RISCV
[trace]Adding new instruction VLUXSEG5EI8.V##RISCV
[trace]Adding new instruction VLUXSEG6EI16.V##RISCV
[trace]Adding new instruction VLUXSEG6EI32.V##RISCV
[trace]Adding new instruction VLUXSEG6EI64.V##RISCV
[trace]Adding new instruction VLUXSEG6EI8.V##RISCV
[trace]Adding new instruction VLUXSEG7EI16.V##RISCV
[trace]Adding new instruction VLUXSEG7EI32.V##RISCV
[trace]Adding new instruction VLUXSEG7EI64.V##RISCV
[trace]Adding new instruction VLUXSEG7EI8.V##RISCV
[trace]Adding new instruction VLUXSEG8EI16.V##RISCV
[trace]Adding new instruction VLUXSEG8EI32.V##RISCV
[trace]Adding new instruction VLUXSEG8EI64.V##RISCV
[trace]Adding new instruction VLUXSEG8EI8.V##RISCV
[trace]Adding new instruction VMACC.VV##RISCV
[trace]Adding new instruction VMACC.VX##RISCV
[trace]Adding new instruction VMADC.VI##RISCV
[trace]Adding new instruction VMADC.VIM##RISCV
[trace]Adding new instruction VMADC.VV##RISCV
[trace]Adding new instruction VMADC.VVM##RISCV
[trace]Adding new instruction VMADC.VX##RISCV
[trace]Adding new instruction VMADC.VXM##RISCV
[trace]Adding new instruction VMADD.VV##RISCV
[trace]Adding new instruction VMADD.VX##RISCV
[trace]Adding new instruction VMAND.MM##RISCV
[trace]Adding new instruction VMANDNOT.MM##RISCV
[trace]Adding new instruction VMAX.VV##RISCV
[trace]Adding new instruction VMAX.VX##RISCV
[trace]Adding new instruction VMAXU.VV##RISCV
[trace]Adding new instruction VMAXU.VX##RISCV
[trace]Adding new instruction VMERGE.VIM##RISCV
[trace]Adding new instruction VMERGE.VVM##RISCV
[trace]Adding new instruction VMERGE.VXM##RISCV
[trace]Adding new instruction VMFEQ.VF##RISCV
[trace]Adding new instruction VMFEQ.VV##RISCV
[trace]Adding new instruction VMFGE.VF##RISCV
[trace]Adding new instruction VMFGT.VF##RISCV
[trace]Adding new instruction VMFLE.VF##RISCV
[trace]Adding new instruction VMFLE.VV##RISCV
[trace]Adding new instruction VMFLT.VF##RISCV
[trace]Adding new instruction VMFLT.VV##RISCV
[trace]Adding new instruction VMFNE.VF##RISCV
[trace]Adding new instruction VMFNE.VV##RISCV
[trace]Adding new instruction VMIN.VV##RISCV
[trace]Adding new instruction VMIN.VX##RISCV
[trace]Adding new instruction VMINU.VV##RISCV
[trace]Adding new instruction VMINU.VX##RISCV
[trace]Adding new instruction VMNAND.MM##RISCV
[trace]Adding new instruction VMNOR.MM##RISCV
[trace]Adding new instruction VMOR.MM##RISCV
[trace]Adding new instruction VMORNOT.MM##RISCV
[trace]Adding new instruction VMSBC.VV##RISCV
[trace]Adding new instruction VMSBC.VVM##RISCV
[trace]Adding new instruction VMSBC.VX##RISCV
[trace]Adding new instruction VMSBC.VXM##RISCV
[trace]Adding new instruction VMSBF.M##RISCV
[trace]Adding new instruction VMSEQ.VI##RISCV
[trace]Adding new instruction VMSEQ.VV##RISCV
[trace]Adding new instruction VMSEQ.VX##RISCV
[trace]Adding new instruction VMSGT.VI##RISCV
[trace]Adding new instruction VMSGT.VX##RISCV
[trace]Adding new instruction VMSGTU.VI##RISCV
[trace]Adding new instruction VMSGTU.VX##RISCV
[trace]Adding new instruction VMSIF.M##RISCV
[trace]Adding new instruction VMSLE.VI##RISCV
[trace]Adding new instruction VMSLE.VV##RISCV
[trace]Adding new instruction VMSLE.VX##RISCV
[trace]Adding new instruction VMSLEU.VI##RISCV
[trace]Adding new instruction VMSLEU.VV##RISCV
[trace]Adding new instruction VMSLEU.VX##RISCV
[trace]Adding new instruction VMSLT.VV##RISCV
[trace]Adding new instruction VMSLT.VX##RISCV
[trace]Adding new instruction VMSLTU.VV##RISCV
[trace]Adding new instruction VMSLTU.VX##RISCV
[trace]Adding new instruction VMSNE.VI##RISCV
[trace]Adding new instruction VMSNE.VV##RISCV
[trace]Adding new instruction VMSNE.VX##RISCV
[trace]Adding new instruction VMSOF.M##RISCV
[trace]Adding new instruction VMUL.VV##RISCV
[trace]Adding new instruction VMUL.VX##RISCV
[trace]Adding new instruction VMULH.VV##RISCV
[trace]Adding new instruction VMULH.VX##RISCV
[trace]Adding new instruction VMULHSU.VV##RISCV
[trace]Adding new instruction VMULHSU.VX##RISCV
[trace]Adding new instruction VMULHU.VV##RISCV
[trace]Adding new instruction VMULHU.VX##RISCV
[trace]Adding new instruction VMV.S.X##RISCV
[trace]Adding new instruction VMV.V.I##RISCV
[trace]Adding new instruction VMV.V.V##RISCV
[trace]Adding new instruction VMV.V.X##RISCV
[trace]Adding new instruction VMV.X.S##RISCV
[trace]Adding new instruction VMV1R.V##RISCV
[trace]Adding new instruction VMV2R.V##RISCV
[trace]Adding new instruction VMV4R.V##RISCV
[trace]Adding new instruction VMV8R.V##RISCV
[trace]Adding new instruction VMXNOR.MM##RISCV
[trace]Adding new instruction VMXOR.MM##RISCV
[trace]Adding new instruction VNCLIP.WI##RISCV
[trace]Adding new instruction VNCLIP.WV##RISCV
[trace]Adding new instruction VNCLIP.WX##RISCV
[trace]Adding new instruction VNCLIPU.WI##RISCV
[trace]Adding new instruction VNCLIPU.WV##RISCV
[trace]Adding new instruction VNCLIPU.WX##RISCV
[trace]Adding new instruction VNMSAC.VV##RISCV
[trace]Adding new instruction VNMSAC.VX##RISCV
[trace]Adding new instruction VNMSUB.VV##RISCV
[trace]Adding new instruction VNMSUB.VX##RISCV
[trace]Adding new instruction VNSRA.WI##RISCV
[trace]Adding new instruction VNSRA.WV##RISCV
[trace]Adding new instruction VNSRA.WX##RISCV
[trace]Adding new instruction VNSRL.WI##RISCV
[trace]Adding new instruction VNSRL.WV##RISCV
[trace]Adding new instruction VNSRL.WX##RISCV
[trace]Adding new instruction VOR.VI##RISCV
[trace]Adding new instruction VOR.VV##RISCV
[trace]Adding new instruction VOR.VX##RISCV
[trace]Adding new instruction VREDAND.VS##RISCV
[trace]Adding new instruction VREDMAX.VS##RISCV
[trace]Adding new instruction VREDMAXU.VS##RISCV
[trace]Adding new instruction VREDMIN.VS##RISCV
[trace]Adding new instruction VREDMINU.VS##RISCV
[trace]Adding new instruction VREDOR.VS##RISCV
[trace]Adding new instruction VREDSUM.VS##RISCV
[trace]Adding new instruction VREDXOR.VS##RISCV
[trace]Adding new instruction VREM.VV##RISCV
[trace]Adding new instruction VREM.VX##RISCV
[trace]Adding new instruction VREMU.VV##RISCV
[trace]Adding new instruction VREMU.VX##RISCV
[trace]Adding new instruction VRGATHER.VI##RISCV
[trace]Adding new instruction VRGATHER.VV##RISCV
[trace]Adding new instruction VRGATHER.VX##RISCV
[trace]Adding new instruction VRGATHEREI16.VV##RISCV
[trace]Adding new instruction VRSUB.VI##RISCV
[trace]Adding new instruction VRSUB.VX##RISCV
[trace]Adding new instruction VS1R.V##RISCV
[trace]Adding new instruction VS2R.V##RISCV
[trace]Adding new instruction VS4R.V##RISCV
[trace]Adding new instruction VS8R.V##RISCV
[trace]Adding new instruction VSADD.VI##RISCV
[trace]Adding new instruction VSADD.VV##RISCV
[trace]Adding new instruction VSADD.VX##RISCV
[trace]Adding new instruction VSADDU.VI##RISCV
[trace]Adding new instruction VSADDU.VV##RISCV
[trace]Adding new instruction VSADDU.VX##RISCV
[trace]Adding new instruction VSBC.VVM##RISCV
[trace]Adding new instruction VSBC.VXM##RISCV
[trace]Adding new instruction VSE16.V##RISCV
[trace]Adding new instruction VSE32.V##RISCV
[trace]Adding new instruction VSE64.V##RISCV
[trace]Adding new instruction VSE8.V##RISCV
[trace]Adding new instruction VSETIVLI##RISCV
[trace]Adding new instruction VSETVL##RISCV
[trace]Adding new instruction VSETVLI##RISCV
[trace]Adding new instruction VSEXT.VF2##RISCV
[trace]Adding new instruction VSEXT.VF4##RISCV
[trace]Adding new instruction VSEXT.VF8##RISCV
[trace]Adding new instruction VSLIDE1DOWN.VX##RISCV
[trace]Adding new instruction VSLIDE1UP.VX##RISCV
[trace]Adding new instruction VSLIDEDOWN.VI##RISCV
[trace]Adding new instruction VSLIDEDOWN.VX##RISCV
[trace]Adding new instruction VSLIDEUP.VI##RISCV
[trace]Adding new instruction VSLIDEUP.VX##RISCV
[trace]Adding new instruction VSLL.VI##RISCV
[trace]Adding new instruction VSLL.VV##RISCV
[trace]Adding new instruction VSLL.VX##RISCV
[trace]Adding new instruction VSM.V##RISCV
[trace]Adding new instruction VSMUL.VV##RISCV
[trace]Adding new instruction VSMUL.VX##RISCV
[trace]Adding new instruction VSOXEI16.V##RISCV
[trace]Adding new instruction VSOXEI32.V##RISCV
[trace]Adding new instruction VSOXEI64.V##RISCV
[trace]Adding new instruction VSOXEI8.V##RISCV
[trace]Adding new instruction VSOXSEG2EI16.V##RISCV
[trace]Adding new instruction VSOXSEG2EI32.V##RISCV
[trace]Adding new instruction VSOXSEG2EI64.V##RISCV
[trace]Adding new instruction VSOXSEG2EI8.V##RISCV
[trace]Adding new instruction VSOXSEG3EI16.V##RISCV
[trace]Adding new instruction VSOXSEG3EI32.V##RISCV
[trace]Adding new instruction VSOXSEG3EI64.V##RISCV
[trace]Adding new instruction VSOXSEG3EI8.V##RISCV
[trace]Adding new instruction VSOXSEG4EI16.V##RISCV
[trace]Adding new instruction VSOXSEG4EI32.V##RISCV
[trace]Adding new instruction VSOXSEG4EI64.V##RISCV
[trace]Adding new instruction VSOXSEG4EI8.V##RISCV
[trace]Adding new instruction VSOXSEG5EI16.V##RISCV
[trace]Adding new instruction VSOXSEG5EI32.V##RISCV
[trace]Adding new instruction VSOXSEG5EI64.V##RISCV
[trace]Adding new instruction VSOXSEG5EI8.V##RISCV
[trace]Adding new instruction VSOXSEG6EI16.V##RISCV
[trace]Adding new instruction VSOXSEG6EI32.V##RISCV
[trace]Adding new instruction VSOXSEG6EI64.V##RISCV
[trace]Adding new instruction VSOXSEG6EI8.V##RISCV
[trace]Adding new instruction VSOXSEG7EI16.V##RISCV
[trace]Adding new instruction VSOXSEG7EI32.V##RISCV
[trace]Adding new instruction VSOXSEG7EI64.V##RISCV
[trace]Adding new instruction VSOXSEG7EI8.V##RISCV
[trace]Adding new instruction VSOXSEG8EI16.V##RISCV
[trace]Adding new instruction VSOXSEG8EI32.V##RISCV
[trace]Adding new instruction VSOXSEG8EI64.V##RISCV
[trace]Adding new instruction VSOXSEG8EI8.V##RISCV
[trace]Adding new instruction VSRA.VI##RISCV
[trace]Adding new instruction VSRA.VV##RISCV
[trace]Adding new instruction VSRA.VX##RISCV
[trace]Adding new instruction VSRL.VI##RISCV
[trace]Adding new instruction VSRL.VV##RISCV
[trace]Adding new instruction VSRL.VX##RISCV
[trace]Adding new instruction VSSE16.V##RISCV
[trace]Adding new instruction VSSE32.V##RISCV
[trace]Adding new instruction VSSE64.V##RISCV
[trace]Adding new instruction VSSE8.V##RISCV
[trace]Adding new instruction VSSEG2E16.V##RISCV
[trace]Adding new instruction VSSEG2E32.V##RISCV
[trace]Adding new instruction VSSEG2E64.V##RISCV
[trace]Adding new instruction VSSEG2E8.V##RISCV
[trace]Adding new instruction VSSEG3E16.V##RISCV
[trace]Adding new instruction VSSEG3E32.V##RISCV
[trace]Adding new instruction VSSEG3E64.V##RISCV
[trace]Adding new instruction VSSEG3E8.V##RISCV
[trace]Adding new instruction VSSEG4E16.V##RISCV
[trace]Adding new instruction VSSEG4E32.V##RISCV
[trace]Adding new instruction VSSEG4E64.V##RISCV
[trace]Adding new instruction VSSEG4E8.V##RISCV
[trace]Adding new instruction VSSEG5E16.V##RISCV
[trace]Adding new instruction VSSEG5E32.V##RISCV
[trace]Adding new instruction VSSEG5E64.V##RISCV
[trace]Adding new instruction VSSEG5E8.V##RISCV
[trace]Adding new instruction VSSEG6E16.V##RISCV
[trace]Adding new instruction VSSEG6E32.V##RISCV
[trace]Adding new instruction VSSEG6E64.V##RISCV
[trace]Adding new instruction VSSEG6E8.V##RISCV
[trace]Adding new instruction VSSEG7E16.V##RISCV
[trace]Adding new instruction VSSEG7E32.V##RISCV
[trace]Adding new instruction VSSEG7E64.V##RISCV
[trace]Adding new instruction VSSEG7E8.V##RISCV
[trace]Adding new instruction VSSEG8E16.V##RISCV
[trace]Adding new instruction VSSEG8E32.V##RISCV
[trace]Adding new instruction VSSEG8E64.V##RISCV
[trace]Adding new instruction VSSEG8E8.V##RISCV
[trace]Adding new instruction VSSRA.VI##RISCV
[trace]Adding new instruction VSSRA.VV##RISCV
[trace]Adding new instruction VSSRA.VX##RISCV
[trace]Adding new instruction VSSRL.VI##RISCV
[trace]Adding new instruction VSSRL.VV##RISCV
[trace]Adding new instruction VSSRL.VX##RISCV
[trace]Adding new instruction VSSSEG2E16.V##RISCV
[trace]Adding new instruction VSSSEG2E32.V##RISCV
[trace]Adding new instruction VSSSEG2E64.V##RISCV
[trace]Adding new instruction VSSSEG2E8.V##RISCV
[trace]Adding new instruction VSSSEG3E16.V##RISCV
[trace]Adding new instruction VSSSEG3E32.V##RISCV
[trace]Adding new instruction VSSSEG3E64.V##RISCV
[trace]Adding new instruction VSSSEG3E8.V##RISCV
[trace]Adding new instruction VSSSEG4E16.V##RISCV
[trace]Adding new instruction VSSSEG4E32.V##RISCV
[trace]Adding new instruction VSSSEG4E64.V##RISCV
[trace]Adding new instruction VSSSEG4E8.V##RISCV
[trace]Adding new instruction VSSSEG5E16.V##RISCV
[trace]Adding new instruction VSSSEG5E32.V##RISCV
[trace]Adding new instruction VSSSEG5E64.V##RISCV
[trace]Adding new instruction VSSSEG5E8.V##RISCV
[trace]Adding new instruction VSSSEG6E16.V##RISCV
[trace]Adding new instruction VSSSEG6E32.V##RISCV
[trace]Adding new instruction VSSSEG6E64.V##RISCV
[trace]Adding new instruction VSSSEG6E8.V##RISCV
[trace]Adding new instruction VSSSEG7E16.V##RISCV
[trace]Adding new instruction VSSSEG7E32.V##RISCV
[trace]Adding new instruction VSSSEG7E64.V##RISCV
[trace]Adding new instruction VSSSEG7E8.V##RISCV
[trace]Adding new instruction VSSSEG8E16.V##RISCV
[trace]Adding new instruction VSSSEG8E32.V##RISCV
[trace]Adding new instruction VSSSEG8E64.V##RISCV
[trace]Adding new instruction VSSSEG8E8.V##RISCV
[trace]Adding new instruction VSSUB.VV##RISCV
[trace]Adding new instruction VSSUB.VX##RISCV
[trace]Adding new instruction VSSUBU.VV##RISCV
[trace]Adding new instruction VSSUBU.VX##RISCV
[trace]Adding new instruction VSUB.VV##RISCV
[trace]Adding new instruction VSUB.VX##RISCV
[trace]Adding new instruction VSUXEI16.V##RISCV
[trace]Adding new instruction VSUXEI32.V##RISCV
[trace]Adding new instruction VSUXEI64.V##RISCV
[trace]Adding new instruction VSUXEI8.V##RISCV
[trace]Adding new instruction VSUXSEG2EI16.V##RISCV
[trace]Adding new instruction VSUXSEG2EI32.V##RISCV
[trace]Adding new instruction VSUXSEG2EI64.V##RISCV
[trace]Adding new instruction VSUXSEG2EI8.V##RISCV
[trace]Adding new instruction VSUXSEG3EI16.V##RISCV
[trace]Adding new instruction VSUXSEG3EI32.V##RISCV
[trace]Adding new instruction VSUXSEG3EI64.V##RISCV
[trace]Adding new instruction VSUXSEG3EI8.V##RISCV
[trace]Adding new instruction VSUXSEG4EI16.V##RISCV
[trace]Adding new instruction VSUXSEG4EI32.V##RISCV
[trace]Adding new instruction VSUXSEG4EI64.V##RISCV
[trace]Adding new instruction VSUXSEG4EI8.V##RISCV
[trace]Adding new instruction VSUXSEG5EI16.V##RISCV
[trace]Adding new instruction VSUXSEG5EI32.V##RISCV
[trace]Adding new instruction VSUXSEG5EI64.V##RISCV
[trace]Adding new instruction VSUXSEG5EI8.V##RISCV
[trace]Adding new instruction VSUXSEG6EI16.V##RISCV
[trace]Adding new instruction VSUXSEG6EI32.V##RISCV
[trace]Adding new instruction VSUXSEG6EI64.V##RISCV
[trace]Adding new instruction VSUXSEG6EI8.V##RISCV
[trace]Adding new instruction VSUXSEG7EI16.V##RISCV
[trace]Adding new instruction VSUXSEG7EI32.V##RISCV
[trace]Adding new instruction VSUXSEG7EI64.V##RISCV
[trace]Adding new instruction VSUXSEG7EI8.V##RISCV
[trace]Adding new instruction VSUXSEG8EI16.V##RISCV
[trace]Adding new instruction VSUXSEG8EI32.V##RISCV
[trace]Adding new instruction VSUXSEG8EI64.V##RISCV
[trace]Adding new instruction VSUXSEG8EI8.V##RISCV
[trace]Adding new instruction VWADD.VV##RISCV
[trace]Adding new instruction VWADD.VX##RISCV
[trace]Adding new instruction VWADD.WV##RISCV
[trace]Adding new instruction VWADD.WX##RISCV
[trace]Adding new instruction VWADDU.VV##RISCV
[trace]Adding new instruction VWADDU.VX##RISCV
[trace]Adding new instruction VWADDU.WV##RISCV
[trace]Adding new instruction VWADDU.WX##RISCV
[trace]Adding new instruction VWMACC.VV##RISCV
[trace]Adding new instruction VWMACC.VX##RISCV
[trace]Adding new instruction VWMACCSU.VV##RISCV
[trace]Adding new instruction VWMACCSU.VX##RISCV
[trace]Adding new instruction VWMACCU.VV##RISCV
[trace]Adding new instruction VWMACCU.VX##RISCV
[trace]Adding new instruction VWMACCUS.VX##RISCV
[trace]Adding new instruction VWMUL.VV##RISCV
[trace]Adding new instruction VWMUL.VX##RISCV
[trace]Adding new instruction VWMULSU.VV##RISCV
[trace]Adding new instruction VWMULSU.VX##RISCV
[trace]Adding new instruction VWMULU.VV##RISCV
[trace]Adding new instruction VWMULU.VX##RISCV
[trace]Adding new instruction VWREDSUM.VS##RISCV
[trace]Adding new instruction VWREDSUMU.VS##RISCV
[trace]Adding new instruction VWSUB.VV##RISCV
[trace]Adding new instruction VWSUB.VX##RISCV
[trace]Adding new instruction VWSUB.WV##RISCV
[trace]Adding new instruction VWSUB.WX##RISCV
[trace]Adding new instruction VWSUBU.VV##RISCV
[trace]Adding new instruction VWSUBU.VX##RISCV
[trace]Adding new instruction VWSUBU.WV##RISCV
[trace]Adding new instruction VWSUBU.WX##RISCV
[trace]Adding new instruction VXOR.VI##RISCV
[trace]Adding new instruction VXOR.VV##RISCV
[trace]Adding new instruction VXOR.VX##RISCV
[trace]Adding new instruction VZEXT.VF2##RISCV
[trace]Adding new instruction VZEXT.VF4##RISCV
[trace]Adding new instruction VZEXT.VF8##RISCV
[notice]Loading instruction file: /nfs/home/konglinghui/force-riscv/riscv/arch_data/instr/priv_instructions.xml ...
[trace]Adding new instruction MRET##RISCV
[trace]Adding new instruction SFENCE.VMA##RISCV
[trace]Adding new instruction SRET##RISCV
[notice]Loading instruction file: /nfs/home/konglinghui/force-riscv/riscv/arch_data/instr/zfh_instructions.xml ...
[trace]Adding new instruction FADD.H##RISCV
[trace]Adding new instruction FCLASS.H##RISCV
[trace]Adding new instruction FCVT.D.H##RISCV
[trace]Adding new instruction FCVT.H.D##RISCV
[trace]Adding new instruction FCVT.H.Q##RISCV
[trace]Adding new instruction FCVT.H.S##RISCV
[trace]Adding new instruction FCVT.H.W##RISCV
[trace]Adding new instruction FCVT.H.WU##RISCV
[trace]Adding new instruction FCVT.Q.H##RISCV
[trace]Adding new instruction FCVT.S.H##RISCV
[trace]Adding new instruction FCVT.W.H##RISCV
[trace]Adding new instruction FCVT.WU.H##RISCV
[trace]Adding new instruction FDIV.H##RISCV
[trace]Adding new instruction FEQ.H##RISCV
[trace]Adding new instruction FLE.H##RISCV
[trace]Adding new instruction FLH##RISCV
[trace]Adding new instruction FLT.H##RISCV
[trace]Adding new instruction FMADD.H##RISCV
[trace]Adding new instruction FMAX.H##RISCV
[trace]Adding new instruction FMIN.H##RISCV
[trace]Adding new instruction FMSUB.H##RISCV
[trace]Adding new instruction FMUL.H##RISCV
[trace]Adding new instruction FMV.H.X##RISCV
[trace]Adding new instruction FMV.X.H##RISCV
[trace]Adding new instruction FNMADD.H##RISCV
[trace]Adding new instruction FNMSUB.H##RISCV
[trace]Adding new instruction FSGNJ.H##RISCV
[trace]Adding new instruction FSGNJN.H##RISCV
[trace]Adding new instruction FSGNJX.H##RISCV
[trace]Adding new instruction FSH##RISCV
[trace]Adding new instruction FSQRT.H##RISCV
[trace]Adding new instruction FSUB.H##RISCV
[notice]Loading instruction file: /nfs/home/konglinghui/force-riscv/riscv/arch_data/instr/zfh_instructions_rv64.xml ...
[trace]Adding new instruction FCVT.H.L##RISCV
[trace]Adding new instruction FCVT.H.LU##RISCV
[trace]Adding new instruction FCVT.L.H##RISCV
[trace]Adding new instruction FCVT.LU.H##RISCV
[notice]Loading paging file: /nfs/home/konglinghui/force-riscv/riscv/arch_data/paging/page_tables_sv39.xml ...
[trace]Adding new PTE: P4K#Table#G4K#1 size=64
[trace]Adding new PTE: P4K#Page#G4K#1 size=64
[trace]Adding new PTE: P2M#Page#G4K#1 size=64
[trace]Adding new PTE: P1G#Page#G4K#1 size=64
[notice]Loading register file: /nfs/home/konglinghui/force-riscv/riscv/arch_data/reg/app_registers_rv64.xml ...
[trace]Adding new physical register x1
[trace]Adding new physical register x2
[trace]Adding new physical register x3
[trace]Adding new physical register x4
[trace]Adding new physical register x5
[trace]Adding new physical register x6
[trace]Adding new physical register x7
[trace]Adding new physical register x8
[trace]Adding new physical register x9
[trace]Adding new physical register x10
[trace]Adding new physical register x11
[trace]Adding new physical register x12
[trace]Adding new physical register x13
[trace]Adding new physical register x14
[trace]Adding new physical register x15
[trace]Adding new physical register x16
[trace]Adding new physical register x17
[trace]Adding new physical register x18
[trace]Adding new physical register x19
[trace]Adding new physical register x20
[trace]Adding new physical register x21
[trace]Adding new physical register x22
[trace]Adding new physical register x23
[trace]Adding new physical register x24
[trace]Adding new physical register x25
[trace]Adding new physical register x26
[trace]Adding new physical register x27
[trace]Adding new physical register x28
[trace]Adding new physical register x29
[trace]Adding new physical register x30
[trace]Adding new physical register x31
[trace]Adding new physical register x0
[trace]Adding new physical register PC
[trace]Adding new physical register f0_0
[trace]Adding new physical register f0_1
[trace]Adding new physical register f1_0
[trace]Adding new physical register f1_1
[trace]Adding new physical register f2_0
[trace]Adding new physical register f2_1
[trace]Adding new physical register f3_0
[trace]Adding new physical register f3_1
[trace]Adding new physical register f4_0
[trace]Adding new physical register f4_1
[trace]Adding new physical register f5_0
[trace]Adding new physical register f5_1
[trace]Adding new physical register f6_0
[trace]Adding new physical register f6_1
[trace]Adding new physical register f7_0
[trace]Adding new physical register f7_1
[trace]Adding new physical register f8_0
[trace]Adding new physical register f8_1
[trace]Adding new physical register f9_0
[trace]Adding new physical register f9_1
[trace]Adding new physical register f10_0
[trace]Adding new physical register f10_1
[trace]Adding new physical register f11_0
[trace]Adding new physical register f11_1
[trace]Adding new physical register f12_0
[trace]Adding new physical register f12_1
[trace]Adding new physical register f13_0
[trace]Adding new physical register f13_1
[trace]Adding new physical register f14_0
[trace]Adding new physical register f14_1
[trace]Adding new physical register f15_0
[trace]Adding new physical register f15_1
[trace]Adding new physical register f16_0
[trace]Adding new physical register f16_1
[trace]Adding new physical register f17_0
[trace]Adding new physical register f17_1
[trace]Adding new physical register f18_0
[trace]Adding new physical register f18_1
[trace]Adding new physical register f19_0
[trace]Adding new physical register f19_1
[trace]Adding new physical register f20_0
[trace]Adding new physical register f20_1
[trace]Adding new physical register f21_0
[trace]Adding new physical register f21_1
[trace]Adding new physical register f22_0
[trace]Adding new physical register f22_1
[trace]Adding new physical register f23_0
[trace]Adding new physical register f23_1
[trace]Adding new physical register f24_0
[trace]Adding new physical register f24_1
[trace]Adding new physical register f25_0
[trace]Adding new physical register f25_1
[trace]Adding new physical register f26_0
[trace]Adding new physical register f26_1
[trace]Adding new physical register f27_0
[trace]Adding new physical register f27_1
[trace]Adding new physical register f28_0
[trace]Adding new physical register f28_1
[trace]Adding new physical register f29_0
[trace]Adding new physical register f29_1
[trace]Adding new physical register f30_0
[trace]Adding new physical register f30_1
[trace]Adding new physical register f31_0
[trace]Adding new physical register f31_1
[trace]Adding new physical register v0_0
[trace]Adding new physical register v0_1
[trace]Adding new physical register v0_2
[trace]Adding new physical register v0_3
[trace]Adding new physical register v0_4
[trace]Adding new physical register v0_5
[trace]Adding new physical register v0_6
[trace]Adding new physical register v0_7
[trace]Adding new physical register v1_0
[trace]Adding new physical register v1_1
[trace]Adding new physical register v1_2
[trace]Adding new physical register v1_3
[trace]Adding new physical register v1_4
[trace]Adding new physical register v1_5
[trace]Adding new physical register v1_6
[trace]Adding new physical register v1_7
[trace]Adding new physical register v2_0
[trace]Adding new physical register v2_1
[trace]Adding new physical register v2_2
[trace]Adding new physical register v2_3
[trace]Adding new physical register v2_4
[trace]Adding new physical register v2_5
[trace]Adding new physical register v2_6
[trace]Adding new physical register v2_7
[trace]Adding new physical register v3_0
[trace]Adding new physical register v3_1
[trace]Adding new physical register v3_2
[trace]Adding new physical register v3_3
[trace]Adding new physical register v3_4
[trace]Adding new physical register v3_5
[trace]Adding new physical register v3_6
[trace]Adding new physical register v3_7
[trace]Adding new physical register v4_0
[trace]Adding new physical register v4_1
[trace]Adding new physical register v4_2
[trace]Adding new physical register v4_3
[trace]Adding new physical register v4_4
[trace]Adding new physical register v4_5
[trace]Adding new physical register v4_6
[trace]Adding new physical register v4_7
[trace]Adding new physical register v5_0
[trace]Adding new physical register v5_1
[trace]Adding new physical register v5_2
[trace]Adding new physical register v5_3
[trace]Adding new physical register v5_4
[trace]Adding new physical register v5_5
[trace]Adding new physical register v5_6
[trace]Adding new physical register v5_7
[trace]Adding new physical register v6_0
[trace]Adding new physical register v6_1
[trace]Adding new physical register v6_2
[trace]Adding new physical register v6_3
[trace]Adding new physical register v6_4
[trace]Adding new physical register v6_5
[trace]Adding new physical register v6_6
[trace]Adding new physical register v6_7
[trace]Adding new physical register v7_0
[trace]Adding new physical register v7_1
[trace]Adding new physical register v7_2
[trace]Adding new physical register v7_3
[trace]Adding new physical register v7_4
[trace]Adding new physical register v7_5
[trace]Adding new physical register v7_6
[trace]Adding new physical register v7_7
[trace]Adding new physical register v8_0
[trace]Adding new physical register v8_1
[trace]Adding new physical register v8_2
[trace]Adding new physical register v8_3
[trace]Adding new physical register v8_4
[trace]Adding new physical register v8_5
[trace]Adding new physical register v8_6
[trace]Adding new physical register v8_7
[trace]Adding new physical register v9_0
[trace]Adding new physical register v9_1
[trace]Adding new physical register v9_2
[trace]Adding new physical register v9_3
[trace]Adding new physical register v9_4
[trace]Adding new physical register v9_5
[trace]Adding new physical register v9_6
[trace]Adding new physical register v9_7
[trace]Adding new physical register v10_0
[trace]Adding new physical register v10_1
[trace]Adding new physical register v10_2
[trace]Adding new physical register v10_3
[trace]Adding new physical register v10_4
[trace]Adding new physical register v10_5
[trace]Adding new physical register v10_6
[trace]Adding new physical register v10_7
[trace]Adding new physical register v11_0
[trace]Adding new physical register v11_1
[trace]Adding new physical register v11_2
[trace]Adding new physical register v11_3
[trace]Adding new physical register v11_4
[trace]Adding new physical register v11_5
[trace]Adding new physical register v11_6
[trace]Adding new physical register v11_7
[trace]Adding new physical register v12_0
[trace]Adding new physical register v12_1
[trace]Adding new physical register v12_2
[trace]Adding new physical register v12_3
[trace]Adding new physical register v12_4
[trace]Adding new physical register v12_5
[trace]Adding new physical register v12_6
[trace]Adding new physical register v12_7
[trace]Adding new physical register v13_0
[trace]Adding new physical register v13_1
[trace]Adding new physical register v13_2
[trace]Adding new physical register v13_3
[trace]Adding new physical register v13_4
[trace]Adding new physical register v13_5
[trace]Adding new physical register v13_6
[trace]Adding new physical register v13_7
[trace]Adding new physical register v14_0
[trace]Adding new physical register v14_1
[trace]Adding new physical register v14_2
[trace]Adding new physical register v14_3
[trace]Adding new physical register v14_4
[trace]Adding new physical register v14_5
[trace]Adding new physical register v14_6
[trace]Adding new physical register v14_7
[trace]Adding new physical register v15_0
[trace]Adding new physical register v15_1
[trace]Adding new physical register v15_2
[trace]Adding new physical register v15_3
[trace]Adding new physical register v15_4
[trace]Adding new physical register v15_5
[trace]Adding new physical register v15_6
[trace]Adding new physical register v15_7
[trace]Adding new physical register v16_0
[trace]Adding new physical register v16_1
[trace]Adding new physical register v16_2
[trace]Adding new physical register v16_3
[trace]Adding new physical register v16_4
[trace]Adding new physical register v16_5
[trace]Adding new physical register v16_6
[trace]Adding new physical register v16_7
[trace]Adding new physical register v17_0
[trace]Adding new physical register v17_1
[trace]Adding new physical register v17_2
[trace]Adding new physical register v17_3
[trace]Adding new physical register v17_4
[trace]Adding new physical register v17_5
[trace]Adding new physical register v17_6
[trace]Adding new physical register v17_7
[trace]Adding new physical register v18_0
[trace]Adding new physical register v18_1
[trace]Adding new physical register v18_2
[trace]Adding new physical register v18_3
[trace]Adding new physical register v18_4
[trace]Adding new physical register v18_5
[trace]Adding new physical register v18_6
[trace]Adding new physical register v18_7
[trace]Adding new physical register v19_0
[trace]Adding new physical register v19_1
[trace]Adding new physical register v19_2
[trace]Adding new physical register v19_3
[trace]Adding new physical register v19_4
[trace]Adding new physical register v19_5
[trace]Adding new physical register v19_6
[trace]Adding new physical register v19_7
[trace]Adding new physical register v20_0
[trace]Adding new physical register v20_1
[trace]Adding new physical register v20_2
[trace]Adding new physical register v20_3
[trace]Adding new physical register v20_4
[trace]Adding new physical register v20_5
[trace]Adding new physical register v20_6
[trace]Adding new physical register v20_7
[trace]Adding new physical register v21_0
[trace]Adding new physical register v21_1
[trace]Adding new physical register v21_2
[trace]Adding new physical register v21_3
[trace]Adding new physical register v21_4
[trace]Adding new physical register v21_5
[trace]Adding new physical register v21_6
[trace]Adding new physical register v21_7
[trace]Adding new physical register v22_0
[trace]Adding new physical register v22_1
[trace]Adding new physical register v22_2
[trace]Adding new physical register v22_3
[trace]Adding new physical register v22_4
[trace]Adding new physical register v22_5
[trace]Adding new physical register v22_6
[trace]Adding new physical register v22_7
[trace]Adding new physical register v23_0
[trace]Adding new physical register v23_1
[trace]Adding new physical register v23_2
[trace]Adding new physical register v23_3
[trace]Adding new physical register v23_4
[trace]Adding new physical register v23_5
[trace]Adding new physical register v23_6
[trace]Adding new physical register v23_7
[trace]Adding new physical register v24_0
[trace]Adding new physical register v24_1
[trace]Adding new physical register v24_2
[trace]Adding new physical register v24_3
[trace]Adding new physical register v24_4
[trace]Adding new physical register v24_5
[trace]Adding new physical register v24_6
[trace]Adding new physical register v24_7
[trace]Adding new physical register v25_0
[trace]Adding new physical register v25_1
[trace]Adding new physical register v25_2
[trace]Adding new physical register v25_3
[trace]Adding new physical register v25_4
[trace]Adding new physical register v25_5
[trace]Adding new physical register v25_6
[trace]Adding new physical register v25_7
[trace]Adding new physical register v26_0
[trace]Adding new physical register v26_1
[trace]Adding new physical register v26_2
[trace]Adding new physical register v26_3
[trace]Adding new physical register v26_4
[trace]Adding new physical register v26_5
[trace]Adding new physical register v26_6
[trace]Adding new physical register v26_7
[trace]Adding new physical register v27_0
[trace]Adding new physical register v27_1
[trace]Adding new physical register v27_2
[trace]Adding new physical register v27_3
[trace]Adding new physical register v27_4
[trace]Adding new physical register v27_5
[trace]Adding new physical register v27_6
[trace]Adding new physical register v27_7
[trace]Adding new physical register v28_0
[trace]Adding new physical register v28_1
[trace]Adding new physical register v28_2
[trace]Adding new physical register v28_3
[trace]Adding new physical register v28_4
[trace]Adding new physical register v28_5
[trace]Adding new physical register v28_6
[trace]Adding new physical register v28_7
[trace]Adding new physical register v29_0
[trace]Adding new physical register v29_1
[trace]Adding new physical register v29_2
[trace]Adding new physical register v29_3
[trace]Adding new physical register v29_4
[trace]Adding new physical register v29_5
[trace]Adding new physical register v29_6
[trace]Adding new physical register v29_7
[trace]Adding new physical register v30_0
[trace]Adding new physical register v30_1
[trace]Adding new physical register v30_2
[trace]Adding new physical register v30_3
[trace]Adding new physical register v30_4
[trace]Adding new physical register v30_5
[trace]Adding new physical register v30_6
[trace]Adding new physical register v30_7
[trace]Adding new physical register v31_0
[trace]Adding new physical register v31_1
[trace]Adding new physical register v31_2
[trace]Adding new physical register v31_3
[trace]Adding new physical register v31_4
[trace]Adding new physical register v31_5
[trace]Adding new physical register v31_6
[trace]Adding new physical register v31_7
[trace]Adding new register x1
[trace]Adding new register x2
[trace]Adding new register x3
[trace]Adding new register x4
[trace]Adding new register x5
[trace]Adding new register x6
[trace]Adding new register x7
[trace]Adding new register x8
[trace]Adding new register x9
[trace]Adding new register x10
[trace]Adding new register x11
[trace]Adding new register x12
[trace]Adding new register x13
[trace]Adding new register x14
[trace]Adding new register x15
[trace]Adding new register x16
[trace]Adding new register x17
[trace]Adding new register x18
[trace]Adding new register x19
[trace]Adding new register x20
[trace]Adding new register x21
[trace]Adding new register x22
[trace]Adding new register x23
[trace]Adding new register x24
[trace]Adding new register x25
[trace]Adding new register x26
[trace]Adding new register x27
[trace]Adding new register x28
[trace]Adding new register x29
[trace]Adding new register x30
[trace]Adding new register x31
[trace]Adding new register x0
[trace]Adding new register PC
[trace]Adding new register S0
[trace]Adding new register S1
[trace]Adding new register S2
[trace]Adding new register S3
[trace]Adding new register S4
[trace]Adding new register S5
[trace]Adding new register S6
[trace]Adding new register S7
[trace]Adding new register S8
[trace]Adding new register S9
[trace]Adding new register S10
[trace]Adding new register S11
[trace]Adding new register S12
[trace]Adding new register S13
[trace]Adding new register S14
[trace]Adding new register S15
[trace]Adding new register S16
[trace]Adding new register S17
[trace]Adding new register S18
[trace]Adding new register S19
[trace]Adding new register S20
[trace]Adding new register S21
[trace]Adding new register S22
[trace]Adding new register S23
[trace]Adding new register S24
[trace]Adding new register S25
[trace]Adding new register S26
[trace]Adding new register S27
[trace]Adding new register S28
[trace]Adding new register S29
[trace]Adding new register S30
[trace]Adding new register S31
[trace]Adding new register H0
[trace]Adding new register H1
[trace]Adding new register H2
[trace]Adding new register H3
[trace]Adding new register H4
[trace]Adding new register H5
[trace]Adding new register H6
[trace]Adding new register H7
[trace]Adding new register H8
[trace]Adding new register H9
[trace]Adding new register H10
[trace]Adding new register H11
[trace]Adding new register H12
[trace]Adding new register H13
[trace]Adding new register H14
[trace]Adding new register H15
[trace]Adding new register H16
[trace]Adding new register H17
[trace]Adding new register H18
[trace]Adding new register H19
[trace]Adding new register H20
[trace]Adding new register H21
[trace]Adding new register H22
[trace]Adding new register H23
[trace]Adding new register H24
[trace]Adding new register H25
[trace]Adding new register H26
[trace]Adding new register H27
[trace]Adding new register H28
[trace]Adding new register H29
[trace]Adding new register H30
[trace]Adding new register H31
[trace]Adding new register D0
[trace]Adding new register D1
[trace]Adding new register D2
[trace]Adding new register D3
[trace]Adding new register D4
[trace]Adding new register D5
[trace]Adding new register D6
[trace]Adding new register D7
[trace]Adding new register D8
[trace]Adding new register D9
[trace]Adding new register D10
[trace]Adding new register D11
[trace]Adding new register D12
[trace]Adding new register D13
[trace]Adding new register D14
[trace]Adding new register D15
[trace]Adding new register D16
[trace]Adding new register D17
[trace]Adding new register D18
[trace]Adding new register D19
[trace]Adding new register D20
[trace]Adding new register D21
[trace]Adding new register D22
[trace]Adding new register D23
[trace]Adding new register D24
[trace]Adding new register D25
[trace]Adding new register D26
[trace]Adding new register D27
[trace]Adding new register D28
[trace]Adding new register D29
[trace]Adding new register D30
[trace]Adding new register D31
[trace]Adding new register Q0
[trace]Adding new register Q1
[trace]Adding new register Q2
[trace]Adding new register Q3
[trace]Adding new register Q4
[trace]Adding new register Q5
[trace]Adding new register Q6
[trace]Adding new register Q7
[trace]Adding new register Q8
[trace]Adding new register Q9
[trace]Adding new register Q10
[trace]Adding new register Q11
[trace]Adding new register Q12
[trace]Adding new register Q13
[trace]Adding new register Q14
[trace]Adding new register Q15
[trace]Adding new register Q16
[trace]Adding new register Q17
[trace]Adding new register Q18
[trace]Adding new register Q19
[trace]Adding new register Q20
[trace]Adding new register Q21
[trace]Adding new register Q22
[trace]Adding new register Q23
[trace]Adding new register Q24
[trace]Adding new register Q25
[trace]Adding new register Q26
[trace]Adding new register Q27
[trace]Adding new register Q28
[trace]Adding new register Q29
[trace]Adding new register Q30
[trace]Adding new register Q31
[trace]Adding new register v0
[trace]Adding new register v1
[trace]Adding new register v2
[trace]Adding new register v3
[trace]Adding new register v4
[trace]Adding new register v5
[trace]Adding new register v6
[trace]Adding new register v7
[trace]Adding new register v8
[trace]Adding new register v9
[trace]Adding new register v10
[trace]Adding new register v11
[trace]Adding new register v12
[trace]Adding new register v13
[trace]Adding new register v14
[trace]Adding new register v15
[trace]Adding new register v16
[trace]Adding new register v17
[trace]Adding new register v18
[trace]Adding new register v19
[trace]Adding new register v20
[trace]Adding new register v21
[trace]Adding new register v22
[trace]Adding new register v23
[trace]Adding new register v24
[trace]Adding new register v25
[trace]Adding new register v26
[trace]Adding new register v27
[trace]Adding new register v28
[trace]Adding new register v29
[trace]Adding new register v30
[trace]Adding new register v31
[notice]Loading register file: /nfs/home/konglinghui/force-riscv/riscv/arch_data/reg/system_registers_rv64.xml ...
[trace]Adding new physical register fflags
[trace]Adding new physical register frm
[trace]Adding new physical register fcsr
[trace]Adding new physical register uie
[trace]Adding new physical register utvec
[trace]Adding new physical register vstart
[trace]Adding new physical register vxsat
[trace]Adding new physical register vxrm
[trace]Adding new physical register uscratch
[trace]Adding new physical register uepc
[trace]Adding new physical register ucause
[trace]Adding new physical register utval
[trace]Adding new physical register uip
[trace]Adding new physical register sedeleg
[trace]Adding new physical register sideleg
[trace]Adding new physical register stvec
[trace]Adding new physical register scounteren
[trace]Adding new physical register sscratch
[trace]Adding new physical register sepc
[trace]Adding new physical register scause
[trace]Adding new physical register stval
[trace]Adding new physical register satp
[trace]Adding new physical register vsstatus
[trace]Adding new physical register vstvec
[trace]Adding new physical register vsscratch
[trace]Adding new physical register vsepc
[trace]Adding new physical register vscause
[trace]Adding new physical register vstval
[trace]Adding new physical register vsatp
[trace]Adding new physical register mstatus
[trace]Adding new physical register misa
[trace]Adding new physical register medeleg
[trace]Adding new physical register mideleg
[trace]Adding new physical register mie
[trace]Adding new physical register mtvec
[trace]Adding new physical register mcounteren
[trace]Adding new physical register mcountinhibit
[trace]Adding new physical register mhpmevent3
[trace]Adding new physical register mhpmevent4
[trace]Adding new physical register mhpmevent5
[trace]Adding new physical register mhpmevent6
[trace]Adding new physical register mhpmevent7
[trace]Adding new physical register mhpmevent8
[trace]Adding new physical register mhpmevent9
[trace]Adding new physical register mhpmevent10
[trace]Adding new physical register mhpmevent11
[trace]Adding new physical register mhpmevent12
[trace]Adding new physical register mhpmevent13
[trace]Adding new physical register mhpmevent14
[trace]Adding new physical register mhpmevent15
[trace]Adding new physical register mhpmevent16
[trace]Adding new physical register mhpmevent17
[trace]Adding new physical register mhpmevent18
[trace]Adding new physical register mhpmevent19
[trace]Adding new physical register mhpmevent20
[trace]Adding new physical register mhpmevent21
[trace]Adding new physical register mhpmevent22
[trace]Adding new physical register mhpmevent23
[trace]Adding new physical register mhpmevent24
[trace]Adding new physical register mhpmevent25
[trace]Adding new physical register mhpmevent26
[trace]Adding new physical register mhpmevent27
[trace]Adding new physical register mhpmevent28
[trace]Adding new physical register mhpmevent29
[trace]Adding new physical register mhpmevent30
[trace]Adding new physical register mhpmevent31
[trace]Adding new physical register mscratch
[trace]Adding new physical register mepc
[trace]Adding new physical register mcause
[trace]Adding new physical register mtval
[trace]Adding new physical register mip
[trace]Adding new physical register mtinst
[trace]Adding new physical register mtval2
[trace]Adding new physical register pmpcfg0
[trace]Adding new physical register pmpcfg2
[trace]Adding new physical register pmpaddr0
[trace]Adding new physical register pmpaddr1
[trace]Adding new physical register pmpaddr2
[trace]Adding new physical register pmpaddr3
[trace]Adding new physical register pmpaddr4
[trace]Adding new physical register pmpaddr5
[trace]Adding new physical register pmpaddr6
[trace]Adding new physical register pmpaddr7
[trace]Adding new physical register pmpaddr8
[trace]Adding new physical register pmpaddr9
[trace]Adding new physical register pmpaddr10
[trace]Adding new physical register pmpaddr11
[trace]Adding new physical register pmpaddr12
[trace]Adding new physical register pmpaddr13
[trace]Adding new physical register pmpaddr14
[trace]Adding new physical register pmpaddr15
[trace]Adding new physical register hstatus
[trace]Adding new physical register hedeleg
[trace]Adding new physical register hideleg
[trace]Adding new physical register hie
[trace]Adding new physical register hcounteren
[trace]Adding new physical register hgeie
[trace]Adding new physical register htval
[trace]Adding new physical register hip
[trace]Adding new physical register htinst
[trace]Adding new physical register hgatp
[trace]Adding new physical register dcsr
[trace]Adding new physical register dpc
[trace]Adding new physical register dscratch0
[trace]Adding new physical register dscratch1
[trace]Adding new physical register privilege
[trace]Adding new physical register mcycle
[trace]Adding new physical register minstret
[trace]Adding new physical register mhpmcounter3
[trace]Adding new physical register mhpmcounter4
[trace]Adding new physical register mhpmcounter5
[trace]Adding new physical register mhpmcounter6
[trace]Adding new physical register mhpmcounter7
[trace]Adding new physical register mhpmcounter8
[trace]Adding new physical register mhpmcounter9
[trace]Adding new physical register mhpmcounter10
[trace]Adding new physical register mhpmcounter11
[trace]Adding new physical register mhpmcounter12
[trace]Adding new physical register mhpmcounter13
[trace]Adding new physical register mhpmcounter14
[trace]Adding new physical register mhpmcounter15
[trace]Adding new physical register mhpmcounter16
[trace]Adding new physical register mhpmcounter17
[trace]Adding new physical register mhpmcounter18
[trace]Adding new physical register mhpmcounter19
[trace]Adding new physical register mhpmcounter20
[trace]Adding new physical register mhpmcounter21
[trace]Adding new physical register mhpmcounter22
[trace]Adding new physical register mhpmcounter23
[trace]Adding new physical register mhpmcounter24
[trace]Adding new physical register mhpmcounter25
[trace]Adding new physical register mhpmcounter26
[trace]Adding new physical register mhpmcounter27
[trace]Adding new physical register mhpmcounter28
[trace]Adding new physical register mhpmcounter29
[trace]Adding new physical register mhpmcounter30
[trace]Adding new physical register mhpmcounter31
[trace]Adding new physical register cycle
[trace]Adding new physical register time
[trace]Adding new physical register instret
[trace]Adding new physical register hpmcounter3
[trace]Adding new physical register hpmcounter4
[trace]Adding new physical register hpmcounter5
[trace]Adding new physical register hpmcounter6
[trace]Adding new physical register hpmcounter7
[trace]Adding new physical register hpmcounter8
[trace]Adding new physical register hpmcounter9
[trace]Adding new physical register hpmcounter10
[trace]Adding new physical register hpmcounter11
[trace]Adding new physical register hpmcounter12
[trace]Adding new physical register hpmcounter13
[trace]Adding new physical register hpmcounter14
[trace]Adding new physical register hpmcounter15
[trace]Adding new physical register hpmcounter16
[trace]Adding new physical register hpmcounter17
[trace]Adding new physical register hpmcounter18
[trace]Adding new physical register hpmcounter19
[trace]Adding new physical register hpmcounter20
[trace]Adding new physical register hpmcounter21
[trace]Adding new physical register hpmcounter22
[trace]Adding new physical register hpmcounter23
[trace]Adding new physical register hpmcounter24
[trace]Adding new physical register hpmcounter25
[trace]Adding new physical register hpmcounter26
[trace]Adding new physical register hpmcounter27
[trace]Adding new physical register hpmcounter28
[trace]Adding new physical register hpmcounter29
[trace]Adding new physical register hpmcounter30
[trace]Adding new physical register hpmcounter31
[trace]Adding new physical register vl
[trace]Adding new physical register vtype
[trace]Adding new physical register vlenb
[trace]Adding new physical register hgeip
[trace]Adding new physical register mvendorid
[trace]Adding new physical register marchid
[trace]Adding new physical register mimpid
[trace]Adding new physical register mhartid
[trace]Adding new register ustatus
[trace]Adding new register fflags
[trace]Adding new register frm
[trace]Adding new register fcsr
[trace]Adding new register uie
[trace]Adding new register utvec
[trace]Adding new register vstart
[trace]Adding new register vxsat
[trace]Adding new register vxrm
[trace]Adding new register uscratch
[trace]Adding new register uepc
[trace]Adding new register ucause
[trace]Adding new register utval
[trace]Adding new register uip
[trace]Adding new register sstatus
[trace]Adding new register sedeleg
[trace]Adding new register sideleg
[trace]Adding new register sie
[trace]Adding new register stvec
[trace]Adding new register scounteren
[trace]Adding new register sscratch
[trace]Adding new register sepc
[trace]Adding new register scause
[trace]Adding new register stval
[trace]Adding new register sip
[trace]Adding new register satp
[trace]Adding new register vsstatus
[trace]Adding new register vsie
[trace]Adding new register vstvec
[trace]Adding new register vsscratch
[trace]Adding new register vsepc
[trace]Adding new register vscause
[trace]Adding new register vstval
[trace]Adding new register vsip
[trace]Adding new register vsatp
[trace]Adding new register mstatus
[trace]Adding new register mstatus_hyp
[trace]Adding new register misa
[trace]Adding new register medeleg
[trace]Adding new register mideleg
[trace]Adding new register mie
[trace]Adding new register mtvec
[trace]Adding new register mcounteren
[trace]Adding new register mcountinhibit
[trace]Adding new register mhpmevent3
[trace]Adding new register mhpmevent4
[trace]Adding new register mhpmevent5
[trace]Adding new register mhpmevent6
[trace]Adding new register mhpmevent7
[trace]Adding new register mhpmevent8
[trace]Adding new register mhpmevent9
[trace]Adding new register mhpmevent10
[trace]Adding new register mhpmevent11
[trace]Adding new register mhpmevent12
[trace]Adding new register mhpmevent13
[trace]Adding new register mhpmevent14
[trace]Adding new register mhpmevent15
[trace]Adding new register mhpmevent16
[trace]Adding new register mhpmevent17
[trace]Adding new register mhpmevent18
[trace]Adding new register mhpmevent19
[trace]Adding new register mhpmevent20
[trace]Adding new register mhpmevent21
[trace]Adding new register mhpmevent22
[trace]Adding new register mhpmevent23
[trace]Adding new register mhpmevent24
[trace]Adding new register mhpmevent25
[trace]Adding new register mhpmevent26
[trace]Adding new register mhpmevent27
[trace]Adding new register mhpmevent28
[trace]Adding new register mhpmevent29
[trace]Adding new register mhpmevent30
[trace]Adding new register mhpmevent31
[trace]Adding new register mscratch
[trace]Adding new register mepc
[trace]Adding new register mcause
[trace]Adding new register mtval
[trace]Adding new register mip
[trace]Adding new register mtinst
[trace]Adding new register mtval2
[trace]Adding new register pmpcfg0
[trace]Adding new register pmpcfg2
[trace]Adding new register pmpaddr0
[trace]Adding new register pmpaddr1
[trace]Adding new register pmpaddr2
[trace]Adding new register pmpaddr3
[trace]Adding new register pmpaddr4
[trace]Adding new register pmpaddr5
[trace]Adding new register pmpaddr6
[trace]Adding new register pmpaddr7
[trace]Adding new register pmpaddr8
[trace]Adding new register pmpaddr9
[trace]Adding new register pmpaddr10
[trace]Adding new register pmpaddr11
[trace]Adding new register pmpaddr12
[trace]Adding new register pmpaddr13
[trace]Adding new register pmpaddr14
[trace]Adding new register pmpaddr15
[trace]Adding new register hstatus
[trace]Adding new register hedeleg
[trace]Adding new register hideleg
[trace]Adding new register hie
[trace]Adding new register hcounteren
[trace]Adding new register hgeie
[trace]Adding new register htval
[trace]Adding new register hip
[trace]Adding new register htinst
[trace]Adding new register hgatp
[trace]Adding new register dcsr
[trace]Adding new register dpc
[trace]Adding new register dscratch0
[trace]Adding new register dscratch1
[trace]Adding new register privilege
[trace]Adding new register mcycle
[trace]Adding new register minstret
[trace]Adding new register mhpmcounter3
[trace]Adding new register mhpmcounter4
[trace]Adding new register mhpmcounter5
[trace]Adding new register mhpmcounter6
[trace]Adding new register mhpmcounter7
[trace]Adding new register mhpmcounter8
[trace]Adding new register mhpmcounter9
[trace]Adding new register mhpmcounter10
[trace]Adding new register mhpmcounter11
[trace]Adding new register mhpmcounter12
[trace]Adding new register mhpmcounter13
[trace]Adding new register mhpmcounter14
[trace]Adding new register mhpmcounter15
[trace]Adding new register mhpmcounter16
[trace]Adding new register mhpmcounter17
[trace]Adding new register mhpmcounter18
[trace]Adding new register mhpmcounter19
[trace]Adding new register mhpmcounter20
[trace]Adding new register mhpmcounter21
[trace]Adding new register mhpmcounter22
[trace]Adding new register mhpmcounter23
[trace]Adding new register mhpmcounter24
[trace]Adding new register mhpmcounter25
[trace]Adding new register mhpmcounter26
[trace]Adding new register mhpmcounter27
[trace]Adding new register mhpmcounter28
[trace]Adding new register mhpmcounter29
[trace]Adding new register mhpmcounter30
[trace]Adding new register mhpmcounter31
[trace]Adding new register cycle
[trace]Adding new register time
[trace]Adding new register instret
[trace]Adding new register hpmcounter3
[trace]Adding new register hpmcounter4
[trace]Adding new register hpmcounter5
[trace]Adding new register hpmcounter6
[trace]Adding new register hpmcounter7
[trace]Adding new register hpmcounter8
[trace]Adding new register hpmcounter9
[trace]Adding new register hpmcounter10
[trace]Adding new register hpmcounter11
[trace]Adding new register hpmcounter12
[trace]Adding new register hpmcounter13
[trace]Adding new register hpmcounter14
[trace]Adding new register hpmcounter15
[trace]Adding new register hpmcounter16
[trace]Adding new register hpmcounter17
[trace]Adding new register hpmcounter18
[trace]Adding new register hpmcounter19
[trace]Adding new register hpmcounter20
[trace]Adding new register hpmcounter21
[trace]Adding new register hpmcounter22
[trace]Adding new register hpmcounter23
[trace]Adding new register hpmcounter24
[trace]Adding new register hpmcounter25
[trace]Adding new register hpmcounter26
[trace]Adding new register hpmcounter27
[trace]Adding new register hpmcounter28
[trace]Adding new register hpmcounter29
[trace]Adding new register hpmcounter30
[trace]Adding new register hpmcounter31
[trace]Adding new register vl
[trace]Adding new register vtype
[trace]Adding new register vlenb
[trace]Adding new register hgeip
[trace]Adding new register mvendorid
[trace]Adding new register marchid
[trace]Adding new register mimpid
[trace]Adding new register mhartid
[notice]Loading choices file: /nfs/home/konglinghui/force-riscv/riscv/arch_data/general/dependence_choices.xml ...
[notice]Loading choices file: /nfs/home/konglinghui/force-riscv/riscv/arch_data/general/operand_choices.xml ...
[notice]Loading choices file: /nfs/home/konglinghui/force-riscv/riscv/arch_data/general/general_choices.xml ...
[notice]Loading choices file: /nfs/home/konglinghui/force-riscv/riscv/arch_data/reg/register_field_choices_rv64.xml ...
[notice]Loading choices file: /nfs/home/konglinghui/force-riscv/riscv/arch_data/reg/system_register_choices_rv64.xml ...
[notice]Loading choices file: /nfs/home/konglinghui/force-riscv/riscv/arch_data/paging/paging_choices_sv39.xml ...
[notice]Loading variable file: /nfs/home/konglinghui/force-riscv/riscv/arch_data/general/variables_rv64.xml ...
[info]{GenInstructionAgent::InitializeReadOnlyRegistersWithISS} read-only register cycle value from ISS: 0x0 mask: 0xffffffffffffffff
[info]{GenInstructionAgent::InitializeReadOnlyRegistersWithISS} read-only register hgeip value from ISS: 0x0 mask: 0xffffffffffffffff
[info]{GenInstructionAgent::InitializeReadOnlyRegistersWithISS} read-only register hpmcounter10 value from ISS: 0x0 mask: 0xffffffffffffffff
[info]{GenInstructionAgent::InitializeReadOnlyRegistersWithISS} read-only register hpmcounter11 value from ISS: 0x0 mask: 0xffffffffffffffff
[info]{GenInstructionAgent::InitializeReadOnlyRegistersWithISS} read-only register hpmcounter12 value from ISS: 0x0 mask: 0xffffffffffffffff
[info]{GenInstructionAgent::InitializeReadOnlyRegistersWithISS} read-only register hpmcounter13 value from ISS: 0x0 mask: 0xffffffffffffffff
[info]{GenInstructionAgent::InitializeReadOnlyRegistersWithISS} read-only register hpmcounter14 value from ISS: 0x0 mask: 0xffffffffffffffff
[info]{GenInstructionAgent::InitializeReadOnlyRegistersWithISS} read-only register hpmcounter15 value from ISS: 0x0 mask: 0xffffffffffffffff
[info]{GenInstructionAgent::InitializeReadOnlyRegistersWithISS} read-only register hpmcounter16 value from ISS: 0x0 mask: 0xffffffffffffffff
[info]{GenInstructionAgent::InitializeReadOnlyRegistersWithISS} read-only register hpmcounter17 value from ISS: 0x0 mask: 0xffffffffffffffff
[info]{GenInstructionAgent::InitializeReadOnlyRegistersWithISS} read-only register hpmcounter18 value from ISS: 0x0 mask: 0xffffffffffffffff
[info]{GenInstructionAgent::InitializeReadOnlyRegistersWithISS} read-only register hpmcounter19 value from ISS: 0x0 mask: 0xffffffffffffffff
[info]{GenInstructionAgent::InitializeReadOnlyRegistersWithISS} read-only register hpmcounter20 value from ISS: 0x0 mask: 0xffffffffffffffff
[info]{GenInstructionAgent::InitializeReadOnlyRegistersWithISS} read-only register hpmcounter21 value from ISS: 0x0 mask: 0xffffffffffffffff
[info]{GenInstructionAgent::InitializeReadOnlyRegistersWithISS} read-only register hpmcounter22 value from ISS: 0x0 mask: 0xffffffffffffffff
[info]{GenInstructionAgent::InitializeReadOnlyRegistersWithISS} read-only register hpmcounter23 value from ISS: 0x0 mask: 0xffffffffffffffff
[info]{GenInstructionAgent::InitializeReadOnlyRegistersWithISS} read-only register hpmcounter24 value from ISS: 0x0 mask: 0xffffffffffffffff
[info]{GenInstructionAgent::InitializeReadOnlyRegistersWithISS} read-only register hpmcounter25 value from ISS: 0x0 mask: 0xffffffffffffffff
[info]{GenInstructionAgent::InitializeReadOnlyRegistersWithISS} read-only register hpmcounter26 value from ISS: 0x0 mask: 0xffffffffffffffff
[info]{GenInstructionAgent::InitializeReadOnlyRegistersWithISS} read-only register hpmcounter27 value from ISS: 0x0 mask: 0xffffffffffffffff
[info]{GenInstructionAgent::InitializeReadOnlyRegistersWithISS} read-only register hpmcounter28 value from ISS: 0x0 mask: 0xffffffffffffffff
[info]{GenInstructionAgent::InitializeReadOnlyRegistersWithISS} read-only register hpmcounter29 value from ISS: 0x0 mask: 0xffffffffffffffff
[info]{GenInstructionAgent::InitializeReadOnlyRegistersWithISS} read-only register hpmcounter3 value from ISS: 0x0 mask: 0xffffffffffffffff
[info]{GenInstructionAgent::InitializeReadOnlyRegistersWithISS} read-only register hpmcounter30 value from ISS: 0x0 mask: 0xffffffffffffffff
[info]{GenInstructionAgent::InitializeReadOnlyRegistersWithISS} read-only register hpmcounter31 value from ISS: 0x0 mask: 0xffffffffffffffff
[info]{GenInstructionAgent::InitializeReadOnlyRegistersWithISS} read-only register hpmcounter4 value from ISS: 0x0 mask: 0xffffffffffffffff
[info]{GenInstructionAgent::InitializeReadOnlyRegistersWithISS} read-only register hpmcounter5 value from ISS: 0x0 mask: 0xffffffffffffffff
[info]{GenInstructionAgent::InitializeReadOnlyRegistersWithISS} read-only register hpmcounter6 value from ISS: 0x0 mask: 0xffffffffffffffff
[info]{GenInstructionAgent::InitializeReadOnlyRegistersWithISS} read-only register hpmcounter7 value from ISS: 0x0 mask: 0xffffffffffffffff
[info]{GenInstructionAgent::InitializeReadOnlyRegistersWithISS} read-only register hpmcounter8 value from ISS: 0x0 mask: 0xffffffffffffffff
[info]{GenInstructionAgent::InitializeReadOnlyRegistersWithISS} read-only register hpmcounter9 value from ISS: 0x0 mask: 0xffffffffffffffff
[info]{GenInstructionAgent::InitializeReadOnlyRegistersWithISS} read-only register instret value from ISS: 0x0 mask: 0xffffffffffffffff
[info]{GenInstructionAgent::InitializeReadOnlyRegistersWithISS} read-only register marchid value from ISS: 0x5 mask: 0xffffffffffffffff
[info]{GenInstructionAgent::InitializeReadOnlyRegistersWithISS} read-only register mhartid value from ISS: 0x0 mask: 0xffffffffffffffff
[info]{GenInstructionAgent::InitializeReadOnlyRegistersWithISS} read-only register mimpid value from ISS: 0x0 mask: 0xffffffffffffffff
[info]{GenInstructionAgent::InitializeReadOnlyRegistersWithISS} read-only register mvendorid value from ISS: 0x0 mask: 0xffffffffffffffff
[info]{GenInstructionAgent::InitializeReadOnlyRegistersWithISS} read-only register time value from ISS: 0xdeadbeefdeadbeef mask: 0xffffffffffffffff
[info]{GenInstructionAgent::InitializeReadOnlyRegistersWithISS} read-only register vlenb value from ISS: 0x40 mask: 0xffffffffffffffff
[notice]{ResourceDependence::UpdateVariable} GPR, Source entropy state: WarmUp, on-threshold: 15, off-threshold: 3
[notice]{ResourceDependence::UpdateVariable} FPR, Source entropy state: WarmUp, on-threshold: 15, off-threshold: 3
[notice]{ResourceDependence::UpdateVariable} PREDREG, Source entropy state: WarmUp, on-threshold: 15, off-threshold: 3
[notice]{ResourceDependence::UpdateVariable} GPR, Dest entropy state: WarmUp, on-threshold: 9, off-threshold: 2
[notice]{ResourceDependence::UpdateVariable} FPR, Dest entropy state: WarmUp, on-threshold: 9, off-threshold: 2
[notice]{ResourceDependence::UpdateVariable} PREDREG, Dest entropy state: WarmUp, on-threshold: 9, off-threshold: 2
[notice]{AddressTableManagerRISCV} trying to get privilege physical register
[notice]Front-end: Main generator is 0x0
[info]{GenVirtualMemoryRequest::AddDetail} Size : 0x40 : GenPhysicalRegionRequest
[info]{GenVirtualMemoryRequest::AddDetail} Type : I : GenPhysicalRegionRequest
[notice]ResetRegion: size=0x40 start_addr=0x80000000
[notice]{MemoryManager::ReserveMemory} MemoryReservation: ResetRegion [Default] Initial: 0x80000000-0x8000003f
[info]{GenVirtualMemoryRequest::AddDetail} Size : 0x6000 : GenPhysicalRegionRequest
[info]{GenVirtualMemoryRequest::AddDetail} Align : 0x10000 : GenPhysicalRegionRequest
[info]{GenVirtualMemoryRequest::AddDetail} Type : I : GenPhysicalRegionRequest
[info]{GenVirtualMemoryRequest::AddDetail} Range : 0x0-0x800000ff,0x80001100-0x80010fff,0x80011001-0xffffffffffffffff : GenPhysicalRegionRequest
[notice]HandlerMemory: align=0x10000 size 0x6000 is instr? 1 handler base address [0]0x1af3ca0000
[info]{ThreadGroupModerator::PartitionThreadGroup} do partition Random
[notice]GenQueryAgent::HandleQuery : RegisterIndex
[notice]GenQueryAgent::HandleQuery : RegisterInfo
[fail]Invalid choices modifications: failed to find any choice with name "512G" from ChoiceTree "Page size#4K granule#S#stage 1".
[FAIL]{Invalid choices modifications} in file '../base/src/ChoicesModerator.cc' line 174 func 'ValidateModifications'.
/nfs/home/konglinghui/force-riscv/bin/friscv -t /nfs/home/konglinghui/force-riscv/examples/riscv/um_choiceMod_02_force.py -c /nfs/home/konglinghui/force-riscv/config/riscv_rv64_sv39.config -s 0x91871457 -w -l trace -o handlers_set=Fast > um_choiceMod_02_force_0x91871457.log 2>&1 